303.740000 0.000 0.000 0.00000 0.000 -1 1612518924.487631
313.750000 0.000 0.000 0.00000 0.000 -1 1612518935.008144
316.930000 0.000 0.000 0.00830 0.000 -1 1612518938.168636
316.920000 0.000 0.000 0.00000 0.000 -1 1612518938.168678
316.930000 0.000 0.000 0.00830 0.000 -1 1612518938.168697
316.970000 0.001 0.000 -0.00040 0.000 -1 1612518938.218920
317.080000 0.004 -0.000 -0.00390 0.000 -1 1612518938.322529
317.140000 0.007 -0.000 -0.00590 0.000 -1 1612518938.390247
317.190000 0.011 -0.000 -0.00590 0.000 -1 1612518938.441866
317.230000 0.014 -0.000 -0.00870 0.000 -1 1612518938.483053
317.270000 0.018 -0.000 -0.00990 0.000 -1 1612518938.516566
317.300000 0.021 -0.000 -0.01180 0.000 -1 1612518938.550586
317.330000 0.025 -0.000 -0.01220 0.000 -1 1612518938.567535
317.360000 0.029 -0.000 -0.01420 0.000 -1 1612518938.600320
317.390000 0.033 -0.000 -0.01500 0.000 -1 1612518938.632922
317.420000 0.037 -0.000 -0.01650 0.000 -1 1612518938.667988
317.440000 0.040 -0.000 -0.01770 0.000 -1 1612518938.684485
317.460000 0.043 -0.001 -0.01810 0.000 -1 1612518938.701386
317.480000 0.046 -0.001 -0.01890 0.000 -1 1612518938.718139
317.500000 0.050 -0.001 -0.02050 0.000 -1 1612518938.734732
317.520000 0.053 -0.001 -0.02170 0.000 -1 1612518938.768371
317.540000 0.057 -0.001 -0.02170 0.000 -1 1612518938.785615
317.560000 0.061 -0.001 -0.02250 0.000 -1 1612518938.803030
317.580000 0.064 -0.001 -0.02400 0.000 -1 1612518938.819538
317.600000 0.068 -0.001 -0.02520 0.000 -1 1612518938.836474
317.620000 0.072 -0.001 -0.02600 0.000 -1 1612518938.868953
317.640000 0.076 -0.001 -0.02680 0.000 -1 1612518938.886262
317.660000 0.080 -0.001 -0.02760 0.000 -1 1612518938.903831
317.680000 0.084 -0.001 -0.02840 0.000 -1 1612518938.921238
317.700000 0.088 -0.002 -0.02920 0.000 -1 1612518938.939901
317.720000 0.092 -0.002 -0.02990 0.000 -1 1612518938.958690
317.740000 0.096 -0.002 -0.03070 0.000 -1 1612518938.994876
317.760000 0.100 -0.002 -0.03150 0.000 -1 1612518939.011303
317.780000 0.104 -0.002 -0.03230 0.000 -1 1612518939.027722
317.800000 0.108 -0.002 -0.03310 0.000 -1 1612518939.044710
317.820000 0.112 -0.002 -0.03470 0.000 -1 1612518939.061092
317.840000 0.116 -0.002 -0.03630 0.000 -1 1612518939.079092
317.860000 0.120 -0.003 -0.03700 0.000 -1 1612518939.096670
317.880000 0.124 -0.003 -0.03740 0.000 -1 1612518939.132594
317.900000 0.128 -0.003 -0.03900 0.000 -1 1612518939.149351
317.920000 0.132 -0.003 -0.04060 0.000 -1 1612518939.167148
317.940000 0.136 -0.003 -0.04140 0.000 -1 1612518939.186565
317.960000 0.140 -0.003 -0.04220 0.000 -1 1612518939.207164
317.980000 0.144 -0.004 -0.03900 0.000 -1 1612518939.223365
318.000000 0.148 -0.004 -0.02920 0.000 -1 1612518939.239260
317.990000 0.146 -0.004 -0.03470 0.000 -1 1612518939.239306
318.000000 0.148 -0.004 -0.02920 0.000 -1 1612518939.239326
318.010000 0.150 -0.004 -0.02360 0.000 -1 1612518939.256569
318.030000 0.154 -0.004 -0.01810 0.000 -1 1612518939.273233
318.050000 0.158 -0.004 -0.02290 0.000 -1 1612518939.289822
318.070000 0.162 -0.004 -0.02680 0.000 -1 1612518939.307443
318.090000 0.166 -0.004 -0.02360 0.000 -1 1612518939.340522
318.110000 0.170 -0.004 -0.02170 0.000 -1 1612518939.357817
318.130000 0.174 -0.004 -0.02440 0.000 -1 1612518939.373890
318.150000 0.178 -0.004 -0.02680 0.000 -1 1612518939.391413
318.170000 0.182 -0.004 -0.02640 0.000 -1 1612518939.409505
318.190000 0.186 -0.005 -0.02560 0.000 -1 1612518939.426379
318.210000 0.190 -0.005 -0.02720 0.000 -1 1612518939.467846
318.230000 0.194 -0.005 -0.02920 0.000 -1 1612518939.490389
318.250000 0.198 -0.005 -0.02990 0.000 -1 1612518939.508120
318.270000 0.202 -0.005 -0.02990 0.000 -1 1612518939.508211
318.250000 0.198 -0.005 -0.02990 0.000 -1 1612518939.508280
318.270000 0.202 -0.005 -0.02990 0.000 -1 1612518939.508314
318.290000 0.206 -0.005 -0.03070 0.000 -1 1612518939.525189
318.310000 0.210 -0.005 -0.03230 0.000 -1 1612518939.559470
318.330000 0.214 -0.005 -0.03310 0.000 -1 1612518939.577018
318.350000 0.218 -0.006 -0.03230 0.000 -1 1612518939.594653
318.370000 0.222 -0.006 -0.02520 0.000 -1 1612518939.611362
318.390000 0.226 -0.006 -0.01460 0.000 -1 1612518939.629354
318.380000 0.224 -0.006 -0.02010 0.000 -1 1612518939.629444
318.390000 0.226 -0.006 -0.01460 0.000 -1 1612518939.629465
318.410000 0.230 -0.006 -0.01380 0.000 -1 1612518939.648771
318.430000 0.234 -0.006 -0.02050 0.000 -1 1612518939.688441
318.450000 0.238 -0.006 -0.02050 0.000 -1 1612518939.716144
318.470000 0.242 -0.006 -0.01580 0.000 -1 1612518939.716188
318.450000 0.238 -0.006 -0.02050 0.000 -1 1612518939.716243
318.470000 0.242 -0.006 -0.01580 0.000 -1 1612518939.716275
318.490000 0.246 -0.006 -0.01730 0.000 -1 1612518939.733706
318.510000 0.250 -0.006 -0.02290 0.000 -1 1612518939.753146
318.530000 0.254 -0.006 -0.02360 0.000 -1 1612518939.789564
318.550000 0.258 -0.006 -0.02050 0.000 -1 1612518939.805808
318.570000 0.262 -0.006 -0.02170 0.000 -1 1612518939.822408
318.590000 0.266 -0.006 -0.02600 0.000 -1 1612518939.839101
318.610000 0.270 -0.007 -0.02680 0.000 -1 1612518939.856690
318.630000 0.274 -0.007 -0.02400 0.000 -1 1612518939.889846
318.650000 0.278 -0.007 -0.01690 0.000 -1 1612518939.906637
318.670000 0.282 -0.007 -0.01060 0.000 -1 1612518939.929094
318.690000 0.286 -0.007 -0.01380 0.000 -1 1612518939.946683
318.710000 0.290 -0.007 -0.01850 0.000 -1 1612518939.970393
318.730000 0.294 -0.007 -0.01690 0.000 -1 1612518939.988241
318.750000 0.298 -0.007 -0.01460 0.000 -1 1612518939.988280
318.720000 0.292 -0.007 -0.01730 0.000 -1 1612518939.988370
318.740000 0.296 -0.007 -0.01540 0.000 -1 1612518939.988456
318.760000 0.300 -0.007 -0.01620 0.000 -1 1612518940.006528
318.780000 0.304 -0.007 -0.01850 0.000 -1 1612518940.045756
318.800000 0.308 -0.007 -0.01930 0.000 -1 1612518940.064500
318.820000 0.312 -0.007 -0.01850 0.000 -1 1612518940.081954
318.840000 0.316 -0.007 -0.01930 0.000 -1 1612518940.098546
318.860000 0.320 -0.007 -0.02090 0.000 -1 1612518940.116006
318.880000 0.324 -0.008 -0.02170 0.000 -1 1612518940.135684
318.900000 0.328 -0.008 -0.02250 0.000 -1 1612518940.152515
318.920000 0.332 -0.008 -0.01850 0.000 -1 1612518940.169994
318.940000 0.336 -0.008 -0.00830 0.000 -1 1612518940.187753
318.930000 0.334 -0.008 -0.01380 0.000 -1 1612518940.187805
318.940000 0.336 -0.008 -0.00830 0.000 -1 1612518940.187829
318.960000 0.340 -0.008 -0.00200 0.000 -1 1612518940.226429
318.980000 0.344 -0.008 -0.00670 0.000 -1 1612518940.242887
319.000000 0.348 -0.008 -0.01140 0.000 -1 1612518940.259701
319.020000 0.352 -0.008 -0.00830 0.000 -1 1612518940.276208
319.040000 0.356 -0.008 -0.00550 0.000 -1 1612518940.296851
319.060000 0.360 -0.008 -0.00830 0.000 -1 1612518940.318323
319.080000 0.364 -0.008 -0.01140 0.000 -1 1612518940.338793
319.100000 0.368 -0.008 -0.01100 0.000 -1 1612518940.357531
319.120000 0.372 -0.008 -0.00950 0.000 -1 1612518940.357572
319.090000 0.366 -0.008 -0.01140 0.000 -1 1612518940.357612
319.110000 0.370 -0.008 -0.00990 0.000 -1 1612518940.357644
319.130000 0.374 -0.008 -0.00990 0.000 -1 1612518940.396515
319.150000 0.378 -0.008 -0.01220 0.000 -1 1612518940.414037
319.170000 0.382 -0.008 -0.01380 0.000 -1 1612518940.414086
319.150000 0.378 -0.008 -0.01220 0.000 -1 1612518940.414124
319.180000 0.384 -0.008 -0.01380 0.000 -1 1612518940.432584
319.200000 0.388 -0.008 -0.01380 0.000 -1 1612518940.451118
319.220000 0.392 -0.008 -0.01460 0.000 -1 1612518940.471603
319.240000 0.396 -0.009 -0.01620 0.000 -1 1612518940.492494
319.260000 0.400 -0.009 -0.01690 0.000 -1 1612518940.509967
319.280000 0.404 -0.009 -0.01690 0.000 -1 1612518940.531163
319.300000 0.408 -0.009 -0.01770 0.000 -1 1612518940.547279
319.320000 0.412 -0.009 -0.01770 0.000 -1 1612518940.587331
319.340000 0.416 -0.009 -0.01060 0.000 -1 1612518940.611083
319.360000 0.420 -0.009 0.00040 0.000 -1 1612518940.627199
319.380000 0.424 -0.009 0.00120 0.000 -1 1612518940.627266
319.360000 0.420 -0.009 0.00040 0.000 -1 1612518940.627346
319.380000 0.424 -0.009 0.00120 0.000 -1 1612518940.627406
319.400000 0.428 -0.009 -0.00590 0.000 -1 1612518940.679079
319.420000 0.432 -0.009 -0.00670 0.000 -1 1612518940.679127
319.440000 0.436 -0.009 -0.00240 0.000 -1 1612518940.679161
319.400000 0.428 -0.009 -0.00590 0.000 -1 1612518940.679222
319.420000 0.432 -0.009 -0.00670 0.000 -1 1612518940.701670
319.440000 0.436 -0.009 -0.00240 0.000 -1 1612518940.701721
319.460000 0.440 -0.009 -0.00320 0.000 -1 1612518940.718648
319.480000 0.444 -0.009 -0.00750 0.000 -1 1612518940.734876
319.500000 0.448 -0.009 -0.00830 0.000 -1 1612518940.751521
319.520000 0.452 -0.009 -0.00710 0.000 -1 1612518940.769169
319.540000 0.456 -0.009 -0.00790 0.000 -1 1612518940.787022
319.560000 0.460 -0.009 -0.01020 0.000 -1 1612518940.824855
319.580000 0.464 -0.009 -0.01100 0.000 -1 1612518940.840710
319.600000 0.468 -0.009 -0.01100 0.000 -1 1612518940.857061
319.620000 0.472 -0.009 -0.01140 0.000 -1 1612518940.874730
319.640000 0.476 -0.009 -0.01300 0.000 -1 1612518940.896349
319.660000 0.480 -0.009 -0.01380 0.000 -1 1612518940.914883
319.680000 0.484 -0.009 -0.01380 0.000 -1 1612518940.936485
319.700000 0.488 -0.009 -0.01460 0.000 -1 1612518940.957394
319.720000 0.492 -0.009 -0.01460 0.000 -1 1612518940.982472
319.690000 0.486 -0.009 -0.01380 0.000 -1 1612518940.982525
319.710000 0.490 -0.009 -0.01540 0.000 -1 1612518940.982564
319.730000 0.494 -0.009 -0.01220 0.000 -1 1612518940.982708
319.750000 0.498 -0.009 -0.00240 0.000 -1 1612518941.005438
319.760000 0.500 -0.009 0.00320 0.000 -1 1612518941.005472
319.750000 0.498 -0.009 -0.00240 0.000 -1 1612518941.005513
319.770000 0.502 -0.009 0.00550 0.000 -1 1612518941.026779
319.790000 0.506 -0.009 0.00080 0.000 -1 1612518941.043672
319.810000 0.510 -0.009 -0.00470 0.000 -1 1612518941.080194
319.830000 0.514 -0.009 -0.00160 0.000 -1 1612518941.097720
319.850000 0.518 -0.009 0.00160 0.000 -1 1612518941.114266
319.870000 0.522 -0.009 -0.00240 0.000 -1 1612518941.131119
319.890000 0.526 -0.009 -0.00630 0.000 -1 1612518941.148792
319.910000 0.530 -0.009 -0.00470 0.000 -1 1612518941.166209
319.930000 0.534 -0.009 -0.00320 0.000 -1 1612518941.206297
319.950000 0.538 -0.010 -0.00510 0.000 -1 1612518941.228204
319.970000 0.542 -0.010 -0.00830 0.000 -1 1612518941.246977
319.990000 0.546 -0.010 -0.00830 0.000 -1 1612518941.264257
320.010000 0.550 -0.010 -0.00750 0.000 -1 1612518941.282847
320.030000 0.554 -0.010 -0.00910 0.000 -1 1612518941.301409
320.050000 0.558 -0.010 -0.01060 0.000 -1 1612518941.318856
320.070000 0.562 -0.010 -0.01140 0.000 -1 1612518941.340494
320.090000 0.566 -0.010 -0.01220 0.000 -1 1612518941.357233
320.110000 0.570 -0.010 -0.01380 0.000 -1 1612518941.357287
320.080000 0.564 -0.010 -0.01140 0.000 -1 1612518941.357337
320.100000 0.568 -0.010 -0.01300 0.000 -1 1612518941.357382
320.120000 0.572 -0.010 -0.01460 0.000 -1 1612518941.393197
320.140000 0.576 -0.010 -0.01060 0.000 -1 1612518941.409865
320.160000 0.580 -0.010 -0.00080 0.000 -1 1612518941.409923
320.140000 0.576 -0.010 -0.01060 0.000 -1 1612518941.409974
320.170000 0.582 -0.010 0.00470 0.000 -1 1612518941.427355
320.160000 0.580 -0.010 -0.00080 0.000 -1 1612518941.427416
320.170000 0.582 -0.010 0.00470 0.000 -1 1612518941.427445
320.190000 0.586 -0.010 0.00470 0.000 -1 1612518941.462473
320.210000 0.590 -0.010 -0.00240 0.000 -1 1612518941.478463
320.230000 0.594 -0.010 -0.00240 0.000 -1 1612518941.495609
320.250000 0.598 -0.010 0.00240 0.000 -1 1612518941.512544
320.270000 0.602 -0.010 0.00160 0.000 -1 1612518941.528270
320.290000 0.606 -0.010 -0.00390 0.000 -1 1612518941.544379
320.310000 0.610 -0.010 -0.00470 0.000 -1 1612518941.578047
320.330000 0.614 -0.010 -0.00160 0.000 -1 1612518941.599529
320.350000 0.618 -0.010 -0.00320 0.000 -1 1612518941.618896
320.370000 0.622 -0.010 -0.00670 0.000 -1 1612518941.639620
320.390000 0.626 -0.010 -0.00750 0.000 -1 1612518941.656783
320.410000 0.630 -0.010 -0.00590 0.000 -1 1612518941.675375
320.430000 0.634 -0.010 -0.00670 0.000 -1 1612518941.691769
320.450000 0.638 -0.010 -0.00990 0.000 -1 1612518941.709307
320.470000 0.642 -0.010 -0.01140 0.000 -1 1612518941.726197
320.490000 0.646 -0.010 -0.00990 0.000 -1 1612518941.762222
320.510000 0.650 -0.010 -0.00590 0.000 -1 1612518941.779884
320.530000 0.654 -0.010 0.00240 0.000 -1 1612518941.796791
320.550000 0.658 -0.010 0.00470 0.000 -1 1612518941.814158
320.570000 0.662 -0.010 -0.00080 0.000 -1 1612518941.830765
320.590000 0.666 -0.010 -0.00280 0.000 -1 1612518941.847331
320.610000 0.670 -0.010 0.00080 0.000 -1 1612518941.886484
320.630000 0.674 -0.010 0.00160 0.000 -1 1612518941.906833
320.650000 0.678 -0.010 -0.00240 0.000 -1 1612518941.928702
320.670000 0.682 -0.010 -0.00390 0.000 -1 1612518941.945110
320.690000 0.686 -0.010 -0.00240 0.000 -1 1612518941.945151
320.670000 0.682 -0.010 -0.00390 0.000 -1 1612518941.945201
320.690000 0.686 -0.010 -0.00240 0.000 -1 1612518941.945233
320.710000 0.690 -0.010 -0.00320 0.000 -1 1612518941.979313
320.730000 0.694 -0.010 -0.00550 0.000 -1 1612518941.996153
320.750000 0.698 -0.010 -0.00630 0.000 -1 1612518941.996190
320.730000 0.694 -0.010 -0.00550 0.000 -1 1612518941.996227
320.750000 0.698 -0.010 -0.00630 0.000 -1 1612518942.012699
320.770000 0.702 -0.010 -0.00630 0.000 -1 1612518942.030262
320.790000 0.706 -0.010 -0.00790 0.000 -1 1612518942.052454
320.810000 0.710 -0.010 -0.00910 0.000 -1 1612518942.070362
320.830000 0.714 -0.010 -0.00990 0.000 -1 1612518942.089423
320.850000 0.718 -0.011 -0.00990 0.000 -1 1612518942.108229
320.870000 0.722 -0.011 -0.00320 0.000 -1 1612518942.145961
320.880000 0.724 -0.011 0.00240 0.000 -1 1612518942.146030
320.870000 0.722 -0.011 -0.00320 0.000 -1 1612518942.146080
320.880000 0.724 -0.011 0.00240 0.000 -1 1612518942.146103
320.890000 0.726 -0.011 0.00790 0.000 -1 1612518942.163862
320.910000 0.730 -0.010 0.00830 0.000 -1 1612518942.179876
320.930000 0.734 -0.010 0.00160 0.000 -1 1612518942.203081
320.950000 0.738 -0.010 0.00200 0.000 -1 1612518942.222600
320.970000 0.742 -0.010 0.00510 0.000 -1 1612518942.239602
320.990000 0.746 -0.010 0.00390 0.000 -1 1612518942.258939
321.010000 0.750 -0.010 0.00040 0.000 -1 1612518942.258979
320.980000 0.744 -0.010 0.00550 0.000 -1 1612518942.259016
321.000000 0.748 -0.010 0.00240 0.000 -1 1612518942.259049
321.020000 0.752 -0.010 -0.00080 0.000 -1 1612518942.280221
321.040000 0.756 -0.010 0.00080 0.000 -1 1612518942.324566
321.060000 0.760 -0.010 0.00160 0.000 -1 1612518942.324608
321.040000 0.756 -0.010 0.00080 0.000 -1 1612518942.324646
321.070000 0.762 -0.010 0.00000 0.000 -1 1612518942.350326
321.090000 0.766 -0.010 -0.00320 0.000 -1 1612518942.367065
321.110000 0.770 -0.010 -0.00320 0.000 -1 1612518942.385060
321.130000 0.774 -0.010 -0.00160 0.000 -1 1612518942.404501
321.150000 0.778 -0.010 0.00080 0.000 -1 1612518942.432883
321.170000 0.782 -0.010 0.00950 0.000 -1 1612518942.452323
321.190000 0.786 -0.010 0.01930 0.000 -1 1612518942.469730
321.210000 0.790 -0.010 0.02520 0.000 -1 1612518942.469768
321.180000 0.784 -0.010 0.01460 0.000 -1 1612518942.469804
321.200000 0.788 -0.010 0.02250 0.000 -1 1612518942.469835
321.220000 0.792 -0.010 0.02800 0.000 -1 1612518942.486499
321.240000 0.796 -0.010 0.03550 0.000 -1 1612518942.520687
321.260000 0.800 -0.010 0.04450 0.000 -1 1612518942.536938
321.280000 0.804 -0.010 0.05240 0.000 -1 1612518942.553780
321.300000 0.808 -0.009 0.05950 0.000 -1 1612518942.571162
321.320000 0.812 -0.009 0.06700 0.000 -1 1612518942.588747
321.340000 0.816 -0.009 0.07570 0.000 -1 1612518942.606429
321.360000 0.820 -0.009 0.08310 0.000 -1 1612518942.644427
321.380000 0.824 -0.008 0.08980 0.000 -1 1612518942.660749
321.400000 0.828 -0.008 0.09850 0.000 -1 1612518942.686432
321.420000 0.832 -0.007 0.10720 0.000 -1 1612518942.709681
321.440000 0.836 -0.007 0.11510 0.000 -1 1612518942.709737
321.410000 0.830 -0.008 0.10280 0.000 -1 1612518942.709776
321.430000 0.834 -0.007 0.11070 0.000 -1 1612518942.709808
321.450000 0.838 -0.007 0.11860 0.000 -1 1612518942.726479
321.470000 0.842 -0.006 0.12650 0.000 -1 1612518942.746962
321.490000 0.846 -0.006 0.13400 0.000 -1 1612518942.763767
321.510000 0.850 -0.005 0.14150 0.000 -1 1612518942.782277
321.530000 0.854 -0.005 0.14930 0.000 -1 1612518942.802995
321.550000 0.858 -0.004 0.15600 0.000 -1 1612518942.842500
321.570000 0.862 -0.003 0.15600 0.000 -1 1612518942.842686
321.550000 0.858 -0.004 0.15600 0.000 -1 1612518942.842895
321.570000 0.862 -0.003 0.15600 0.000 -1 1612518942.843014
321.590000 0.866 -0.003 0.15250 0.000 -1 1612518942.859523
321.610000 0.870 -0.002 0.15370 0.000 -1 1612518942.898357
321.620000 0.872 -0.002 0.15960 0.000 -1 1612518942.898384
321.610000 0.870 -0.002 0.15370 0.000 -1 1612518942.898419
321.620000 0.872 -0.002 0.15960 0.000 -1 1612518942.898437
321.630000 0.874 -0.002 0.16550 0.000 -1 1612518942.918321
321.640000 0.876 -0.001 0.17140 0.000 -1 1612518942.918357
321.660000 0.880 -0.001 0.17770 0.000 -1 1612518942.918398
321.630000 0.874 -0.002 0.16550 0.000 -1 1612518942.918441
321.640000 0.876 -0.001 0.17140 0.000 -1 1612518942.918466
321.670000 0.882 -0.000 0.17970 0.000 -1 1612518942.936360
321.690000 0.886 0.001 0.18440 0.000 -1 1612518942.971319
321.700000 0.887 0.001 0.19110 0.000 -1 1612518942.971348
321.690000 0.886 0.001 0.18440 0.000 -1 1612518942.971383
321.700000 0.887 0.001 0.19110 0.000 -1 1612518942.971402
321.720000 0.891 0.002 0.20140 0.000 -1 1612518942.988374
321.740000 0.895 0.003 0.20690 0.000 -1 1612518943.024591
321.760000 0.899 0.003 0.20450 0.000 -1 1612518943.042537
321.780000 0.903 0.004 0.20170 0.000 -1 1612518943.061035
321.800000 0.907 0.005 0.20330 0.000 -1 1612518943.080043
321.820000 0.911 0.006 0.20920 0.000 -1 1612518943.096941
321.840000 0.915 0.007 0.21830 0.000 -1 1612518943.115615
321.860000 0.919 0.007 0.22620 0.000 -1 1612518943.136110
321.880000 0.923 0.008 0.23250 0.000 -1 1612518943.155035
321.900000 0.927 0.009 0.23800 0.000 -1 1612518943.171628
321.920000 0.930 0.010 0.23800 0.000 -1 1612518943.191702
321.940000 0.934 0.011 0.23480 0.000 -1 1612518943.227967
321.960000 0.938 0.012 0.23480 0.000 -1 1612518943.228011
321.940000 0.934 0.011 0.23480 0.000 -1 1612518943.228053
321.970000 0.940 0.013 0.23760 0.000 -1 1612518943.249336
321.990000 0.944 0.013 0.24630 0.000 -1 1612518943.268532
322.000000 0.946 0.014 0.25180 0.000 -1 1612518943.285641
322.020000 0.950 0.015 0.25850 0.000 -1 1612518943.312255
322.040000 0.954 0.016 0.26400 0.000 -1 1612518943.329718
322.060000 0.958 0.017 0.26680 0.000 -1 1612518943.347283
322.080000 0.962 0.018 0.26520 0.000 -1 1612518943.347334
322.060000 0.958 0.017 0.26680 0.000 -1 1612518943.347424
322.080000 0.962 0.018 0.26520 0.000 -1 1612518943.347465
322.100000 0.965 0.019 0.26360 0.000 -1 1612518943.382323
322.120000 0.969 0.020 0.26600 0.000 -1 1612518943.400078
322.140000 0.973 0.021 0.27460 0.000 -1 1612518943.417111
322.160000 0.977 0.022 0.28490 0.000 -1 1612518943.434274
322.180000 0.981 0.024 0.29080 0.000 -1 1612518943.450775
322.200000 0.985 0.025 0.29080 0.000 -1 1612518943.467672
322.220000 0.989 0.026 0.28840 0.000 -1 1612518943.487985
322.240000 0.992 0.027 0.28920 0.000 -1 1612518943.521931
322.260000 0.996 0.028 0.29160 0.000 -1 1612518943.539024
322.280000 1.000 0.029 0.29870 0.000 -1 1612518943.555821
322.300000 1.004 0.030 0.30770 0.000 -1 1612518943.572938
322.320000 1.008 0.032 0.31290 0.000 -1 1612518943.589343
322.340000 1.011 0.033 0.30970 0.000 -1 1612518943.605427
322.360000 1.015 0.034 0.30730 0.000 -1 1612518943.639724
322.380000 1.019 0.035 0.30930 0.000 -1 1612518943.657153
322.400000 1.023 0.037 0.31170 0.000 -1 1612518943.673618
322.420000 1.027 0.038 0.31680 0.000 -1 1612518943.692270
322.440000 1.030 0.039 0.32630 0.000 -1 1612518943.709800
322.460000 1.034 0.040 0.33340 0.000 -1 1612518943.726447
322.480000 1.038 0.042 0.33020 0.000 -1 1612518943.760503
322.500000 1.042 0.043 0.32550 0.000 -1 1612518943.778201
322.520000 1.046 0.044 0.32900 0.000 -1 1612518943.795699
322.530000 1.047 0.045 0.33570 0.000 -1 1612518943.812207
322.540000 1.049 0.046 0.34160 0.000 -1 1612518943.812239
322.530000 1.047 0.045 0.33570 0.000 -1 1612518943.812274
322.540000 1.049 0.046 0.34160 0.000 -1 1612518943.812293
322.560000 1.053 0.047 0.35030 0.000 -1 1612518943.828430
322.580000 1.057 0.048 0.35270 0.000 -1 1612518943.844540
322.600000 1.061 0.050 0.35820 0.000 -1 1612518943.882457
322.610000 1.062 0.050 0.36490 0.000 -1 1612518943.882512
322.600000 1.061 0.050 0.35820 0.000 -1 1612518943.882561
322.610000 1.062 0.050 0.36490 0.000 -1 1612518943.882581
322.630000 1.066 0.052 0.37470 0.000 -1 1612518943.902613
322.650000 1.070 0.053 0.38060 0.000 -1 1612518943.926385
322.670000 1.074 0.055 0.38690 0.000 -1 1612518943.942346
322.690000 1.077 0.056 0.39640 0.000 -1 1612518943.960994
322.680000 1.075 0.056 0.39010 0.000 -1 1612518943.961036
322.690000 1.077 0.056 0.39640 0.000 -1 1612518943.961056
322.710000 1.081 0.058 0.40550 0.000 -1 1612518943.978478
322.730000 1.085 0.059 0.41260 0.000 -1 1612518943.994438
322.750000 1.088 0.061 0.41930 0.000 -1 1612518944.029666
322.770000 1.092 0.063 0.42750 0.000 -1 1612518944.047265
322.790000 1.096 0.065 0.43620 0.000 -1 1612518944.063844
322.810000 1.099 0.066 0.44410 0.000 -1 1612518944.080371
322.830000 1.103 0.068 0.45200 0.000 -1 1612518944.099484
322.850000 1.106 0.070 0.45910 0.000 -1 1612518944.119764
322.870000 1.110 0.071 0.46690 0.000 -1 1612518944.155313
322.890000 1.114 0.073 0.47480 0.000 -1 1612518944.185972
322.910000 1.117 0.075 0.48230 0.000 -1 1612518944.217113
322.930000 1.121 0.077 0.48860 0.000 -1 1612518944.217158
322.910000 1.117 0.075 0.48230 0.000 -1 1612518944.217194
322.930000 1.121 0.077 0.48860 0.000 -1 1612518944.217225
322.950000 1.124 0.079 0.48940 0.000 -1 1612518944.236777
322.970000 1.128 0.081 0.48550 0.000 -1 1612518944.258735
322.990000 1.131 0.083 0.48700 0.000 -1 1612518944.290235
323.010000 1.135 0.085 0.49890 0.000 -1 1612518944.307657
323.020000 1.137 0.085 0.50480 0.000 -1 1612518944.307688
323.010000 1.135 0.085 0.49890 0.000 -1 1612518944.307738
323.020000 1.137 0.085 0.50480 0.000 -1 1612518944.307757
323.040000 1.140 0.087 0.51110 0.000 -1 1612518944.325043
323.060000 1.143 0.089 0.51500 0.000 -1 1612518944.342744
323.080000 1.147 0.091 0.52290 0.000 -1 1612518944.360529
323.090000 1.149 0.092 0.52960 0.000 -1 1612518944.376708
323.110000 1.152 0.094 0.53790 0.000 -1 1612518944.393258
323.130000 1.156 0.096 0.53870 0.000 -1 1612518944.409925
323.150000 1.159 0.099 0.53470 0.000 -1 1612518944.426742
323.170000 1.163 0.101 0.53470 0.000 -1 1612518944.462024
323.190000 1.166 0.103 0.53870 0.000 -1 1612518944.482307
323.210000 1.169 0.105 0.54690 0.000 -1 1612518944.504796
323.230000 1.173 0.107 0.55520 0.000 -1 1612518944.530348
323.250000 1.176 0.109 0.56150 0.000 -1 1612518944.551212
323.270000 1.179 0.111 0.56700 0.000 -1 1612518944.567894
323.290000 1.183 0.113 0.56700 0.000 -1 1612518944.567970
323.270000 1.179 0.111 0.56700 0.000 -1 1612518944.568038
323.290000 1.183 0.113 0.56700 0.000 -1 1612518944.568079
323.310000 1.186 0.115 0.56310 0.000 -1 1612518944.602410
323.330000 1.190 0.117 0.56310 0.000 -1 1612518944.619095
323.350000 1.193 0.119 0.57100 0.000 -1 1612518944.635903
323.370000 1.196 0.122 0.58080 0.000 -1 1612518944.653224
323.390000 1.200 0.124 0.58710 0.000 -1 1612518944.674776
323.410000 1.203 0.126 0.59110 0.000 -1 1612518944.692292
323.430000 1.206 0.128 0.59110 0.000 -1 1612518944.710039
323.450000 1.210 0.131 0.58870 0.000 -1 1612518944.727730
323.470000 1.213 0.133 0.58790 0.000 -1 1612518944.745187
323.490000 1.216 0.135 0.59420 0.000 -1 1612518944.778750
323.510000 1.220 0.137 0.60370 0.000 -1 1612518944.796918
323.530000 1.223 0.140 0.61150 0.000 -1 1612518944.813566
323.550000 1.226 0.142 0.61550 0.000 -1 1612518944.831025
323.570000 1.230 0.144 0.61390 0.000 -1 1612518944.854482
323.590000 1.233 0.146 0.61230 0.000 -1 1612518944.871265
323.610000 1.236 0.149 0.61310 0.000 -1 1612518944.888548
323.630000 1.239 0.151 0.61860 0.000 -1 1612518944.907409
323.650000 1.242 0.153 0.62770 0.000 -1 1612518944.947013
323.670000 1.246 0.156 0.63560 0.000 -1 1612518944.947058
323.650000 1.242 0.153 0.62770 0.000 -1 1612518944.947097
323.670000 1.246 0.156 0.63560 0.000 -1 1612518944.947130
323.690000 1.249 0.158 0.63560 0.000 -1 1612518944.983650
323.710000 1.252 0.161 0.63160 0.000 -1 1612518944.999896
323.730000 1.255 0.163 0.63160 0.000 -1 1612518945.016506
323.750000 1.259 0.165 0.63560 0.000 -1 1612518945.033877
323.770000 1.262 0.168 0.64350 0.000 -1 1612518945.051452
323.790000 1.265 0.170 0.65130 0.000 -1 1612518945.069188
323.810000 1.268 0.172 0.65610 0.000 -1 1612518945.086591
323.830000 1.271 0.175 0.65370 0.000 -1 1612518945.120642
323.850000 1.275 0.177 0.65100 0.000 -1 1612518945.137692
323.870000 1.278 0.180 0.65250 0.000 -1 1612518945.155216
323.890000 1.281 0.182 0.65330 0.000 -1 1612518945.171548
323.910000 1.284 0.185 0.65100 0.000 -1 1612518945.188606
323.930000 1.287 0.187 0.65020 0.000 -1 1612518945.205078
323.950000 1.290 0.190 0.65880 0.000 -1 1612518945.238495
323.960000 1.292 0.191 0.66470 0.000 -1 1612518945.238524
323.950000 1.290 0.190 0.65880 0.000 -1 1612518945.238558
323.960000 1.292 0.191 0.66470 0.000 -1 1612518945.238578
323.980000 1.295 0.193 0.67420 0.000 -1 1612518945.257200
324.000000 1.298 0.196 0.67580 0.000 -1 1612518945.290400
324.020000 1.301 0.198 0.67340 0.000 -1 1612518945.307308
324.040000 1.304 0.201 0.67340 0.000 -1 1612518945.323680
324.060000 1.308 0.203 0.67460 0.000 -1 1612518945.340547
324.080000 1.311 0.206 0.67380 0.000 -1 1612518945.357849
324.100000 1.314 0.208 0.67140 0.000 -1 1612518945.376421
324.120000 1.317 0.211 0.67070 0.000 -1 1612518945.420515
324.140000 1.320 0.213 0.67620 0.000 -1 1612518945.438126
324.160000 1.323 0.216 0.68640 0.000 -1 1612518945.454384
324.180000 1.326 0.218 0.69390 0.000 -1 1612518945.472812
324.200000 1.329 0.221 0.69350 0.000 -1 1612518945.491673
324.220000 1.333 0.223 0.68960 0.000 -1 1612518945.519017
324.240000 1.336 0.226 0.68960 0.000 -1 1612518945.542467
324.260000 1.339 0.229 0.69150 0.000 -1 1612518945.558696
324.280000 1.342 0.231 0.69070 0.000 -1 1612518945.558766
324.260000 1.339 0.229 0.69150 0.000 -1 1612518945.558897
324.280000 1.342 0.231 0.69070 0.000 -1 1612518945.558955
324.300000 1.345 0.234 0.68760 0.000 -1 1612518945.575728
324.320000 1.348 0.236 0.68680 0.000 -1 1612518945.609834
324.340000 1.351 0.239 0.68840 0.000 -1 1612518945.626712
324.360000 1.354 0.241 0.68760 0.000 -1 1612518945.644170
324.380000 1.357 0.244 0.68520 0.000 -1 1612518945.661191
324.400000 1.360 0.246 0.68440 0.000 -1 1612518945.686713
324.420000 1.363 0.249 0.68440 0.000 -1 1612518945.705581
324.440000 1.367 0.251 0.68290 0.000 -1 1612518945.731430
324.460000 1.370 0.254 0.68130 0.000 -1 1612518945.751014
324.480000 1.373 0.256 0.68090 0.000 -1 1612518945.768809
324.500000 1.376 0.259 0.68010 0.000 -1 1612518945.787025
324.520000 1.379 0.261 0.67850 0.000 -1 1612518945.803585
324.540000 1.382 0.264 0.67770 0.000 -1 1612518945.821147
324.560000 1.385 0.266 0.67770 0.000 -1 1612518945.838247
324.580000 1.388 0.269 0.67700 0.000 -1 1612518945.854742
324.600000 1.391 0.271 0.67540 0.000 -1 1612518945.890015
324.620000 1.395 0.274 0.67460 0.000 -1 1612518945.906822
324.640000 1.398 0.276 0.67460 0.000 -1 1612518945.930423
324.660000 1.401 0.279 0.67380 0.000 -1 1612518945.952838
324.680000 1.404 0.281 0.67220 0.000 -1 1612518945.970329
324.700000 1.407 0.284 0.67070 0.000 -1 1612518945.997719
324.720000 1.410 0.286 0.66990 0.000 -1 1612518946.017159
324.740000 1.413 0.289 0.66910 0.000 -1 1612518946.033582
324.760000 1.417 0.291 0.66790 0.000 -1 1612518946.050189
324.780000 1.420 0.294 0.66630 0.000 -1 1612518946.067787
324.800000 1.423 0.296 0.66550 0.000 -1 1612518946.085402
324.820000 1.426 0.299 0.66950 0.000 -1 1612518946.104150
324.840000 1.429 0.301 0.67770 0.000 -1 1612518946.121552
324.860000 1.432 0.304 0.68210 0.000 -1 1612518946.140513
324.880000 1.435 0.306 0.67970 0.000 -1 1612518946.157530
324.900000 1.438 0.309 0.67850 0.000 -1 1612518946.191461
324.920000 1.442 0.311 0.68090 0.000 -1 1612518946.208383
324.940000 1.445 0.314 0.68170 0.000 -1 1612518946.224930
324.960000 1.448 0.316 0.68010 0.000 -1 1612518946.242231
324.980000 1.451 0.319 0.68010 0.000 -1 1612518946.259103
325.000000 1.454 0.321 0.68170 0.000 -1 1612518946.277857
325.020000 1.457 0.324 0.68170 0.000 -1 1612518946.328394
325.040000 1.460 0.326 0.67770 0.000 -1 1612518946.328717
325.060000 1.463 0.329 0.67380 0.000 -1 1612518946.346261
325.080000 1.466 0.331 0.67140 0.000 -1 1612518946.346349
325.050000 1.462 0.328 0.67540 0.000 -1 1612518946.346435
325.070000 1.465 0.330 0.67260 0.000 -1 1612518946.346508
325.090000 1.468 0.333 0.67030 0.000 -1 1612518946.381267
325.110000 1.471 0.335 0.66550 0.000 -1 1612518946.397834
325.130000 1.474 0.338 0.66000 0.000 -1 1612518946.415459
325.150000 1.477 0.340 0.65610 0.000 -1 1612518946.431948
325.170000 1.481 0.343 0.65290 0.000 -1 1612518946.449649
325.190000 1.484 0.345 0.64860 0.000 -1 1612518946.466148
325.210000 1.487 0.347 0.64310 0.000 -1 1612518946.501325
325.230000 1.490 0.350 0.63910 0.000 -1 1612518946.520497
325.250000 1.493 0.352 0.63560 0.000 -1 1612518946.537875
325.270000 1.497 0.354 0.63090 0.000 -1 1612518946.558052
325.290000 1.500 0.357 0.62570 0.000 -1 1612518946.577547
325.310000 1.503 0.359 0.62100 0.000 -1 1612518946.621639
325.330000 1.506 0.361 0.61710 0.000 -1 1612518946.621681
325.300000 1.502 0.358 0.62300 0.000 -1 1612518946.621713
325.320000 1.505 0.360 0.61900 0.000 -1 1612518946.621744
325.340000 1.508 0.363 0.61670 0.000 -1 1612518946.700670
325.360000 1.511 0.365 0.61750 0.000 -1 1612518946.700773
325.380000 1.514 0.367 0.61820 0.000 -1 1612518946.700855
325.340000 1.508 0.363 0.61670 0.000 -1 1612518946.700955
325.360000 1.511 0.365 0.61750 0.000 -1 1612518946.701133
325.380000 1.514 0.367 0.61820 0.000 -1 1612518946.701218
325.400000 1.518 0.370 0.61550 0.000 -1 1612518946.734167
325.420000 1.521 0.372 0.61000 0.000 -1 1612518946.750406
325.440000 1.524 0.374 0.60720 0.000 -1 1612518946.768910
325.460000 1.528 0.376 0.60480 0.000 -1 1612518946.788547
325.480000 1.531 0.379 0.60010 0.000 -1 1612518946.809012
325.500000 1.534 0.381 0.59380 0.000 -1 1612518946.826975
325.520000 1.538 0.383 0.59030 0.000 -1 1612518946.883833
325.540000 1.541 0.385 0.59110 0.000 -1 1612518946.883928
325.520000 1.538 0.383 0.59030 0.000 -1 1612518946.884006
325.540000 1.541 0.385 0.59110 0.000 -1 1612518946.884080
325.560000 1.544 0.388 0.59180 0.000 -1 1612518946.912949
325.580000 1.548 0.390 0.59030 0.000 -1 1612518946.938835
325.600000 1.551 0.392 0.58870 0.000 -1 1612518946.938883
325.570000 1.546 0.389 0.59150 0.000 -1 1612518946.938951
325.590000 1.549 0.391 0.58990 0.000 -1 1612518946.938991
325.620000 1.554 0.394 0.58710 0.000 -1 1612518946.955173
325.640000 1.558 0.397 0.58400 0.000 -1 1612518946.971513
325.660000 1.561 0.399 0.57920 0.000 -1 1612518946.989173
325.680000 1.564 0.401 0.57450 0.000 -1 1612518947.010550
325.700000 1.568 0.403 0.57170 0.000 -1 1612518947.028987
325.720000 1.571 0.405 0.56860 0.000 -1 1612518947.062246
325.740000 1.574 0.407 0.56310 0.000 -1 1612518947.079112
325.760000 1.578 0.409 0.55840 0.000 -1 1612518947.095901
325.780000 1.581 0.412 0.55440 0.000 -1 1612518947.114195
325.800000 1.585 0.414 0.55050 0.000 -1 1612518947.131787
325.820000 1.588 0.416 0.54650 0.000 -1 1612518947.148131
325.840000 1.591 0.418 0.54180 0.000 -1 1612518947.168668
325.860000 1.595 0.420 0.53710 0.000 -1 1612518947.204539
325.880000 1.598 0.422 0.53160 0.000 -1 1612518947.221223
325.900000 1.602 0.424 0.52250 0.000 -1 1612518947.238811
325.910000 1.603 0.425 0.51700 0.000 -1 1612518947.238843
325.900000 1.602 0.424 0.52250 0.000 -1 1612518947.238877
325.910000 1.603 0.425 0.51700 0.000 -1 1612518947.238897
325.930000 1.607 0.427 0.50870 0.000 -1 1612518947.275753
325.950000 1.610 0.429 0.50240 0.000 -1 1612518947.293255
325.970000 1.614 0.431 0.49290 0.000 -1 1612518947.309879
325.990000 1.617 0.433 0.48270 0.000 -1 1612518947.327820
326.010000 1.621 0.434 0.47480 0.000 -1 1612518947.351749
326.030000 1.625 0.436 0.46690 0.000 -1 1612518947.377080
326.050000 1.628 0.438 0.45750 0.000 -1 1612518947.420608
326.070000 1.632 0.440 0.44880 0.000 -1 1612518947.450654
326.090000 1.635 0.442 0.44010 0.000 -1 1612518947.467998
326.110000 1.639 0.443 0.43070 0.000 -1 1612518947.468049
326.090000 1.635 0.442 0.44010 0.000 -1 1612518947.468093
326.110000 1.639 0.443 0.43070 0.000 -1 1612518947.468126
326.130000 1.643 0.445 0.42240 0.000 -1 1612518947.502196
326.150000 1.646 0.447 0.41530 0.000 -1 1612518947.518476
326.170000 1.650 0.448 0.41020 0.000 -1 1612518947.534748
326.190000 1.653 0.450 0.40550 0.000 -1 1612518947.551277
326.210000 1.657 0.451 0.40030 0.000 -1 1612518947.571887
326.230000 1.661 0.453 0.39400 0.000 -1 1612518947.588902
326.250000 1.665 0.454 0.38460 0.000 -1 1612518947.607202
326.270000 1.668 0.456 0.37510 0.000 -1 1612518947.642436
326.290000 1.672 0.457 0.36880 0.000 -1 1612518947.659802
326.310000 1.676 0.459 0.36410 0.000 -1 1612518947.676599
326.330000 1.679 0.460 0.35780 0.000 -1 1612518947.693836
326.350000 1.683 0.462 0.35150 0.000 -1 1612518947.710476
326.370000 1.687 0.463 0.34790 0.000 -1 1612518947.728486
326.390000 1.691 0.464 0.34480 0.000 -1 1612518947.745565
326.410000 1.695 0.466 0.33930 0.000 -1 1612518947.781764
326.430000 1.698 0.467 0.33220 0.000 -1 1612518947.798651
326.450000 1.702 0.468 0.32390 0.000 -1 1612518947.816199
326.460000 1.704 0.469 0.31840 0.000 -1 1612518947.816234
326.450000 1.702 0.468 0.32390 0.000 -1 1612518947.816281
326.460000 1.704 0.469 0.31840 0.000 -1 1612518947.816301
326.480000 1.708 0.470 0.31050 0.000 -1 1612518947.849190
326.500000 1.712 0.471 0.30730 0.000 -1 1612518947.867161
326.520000 1.716 0.472 0.30340 0.000 -1 1612518947.885479
326.540000 1.719 0.474 0.29630 0.000 -1 1612518947.903119
326.560000 1.723 0.475 0.29080 0.000 -1 1612518947.919932
326.580000 1.727 0.476 0.28760 0.000 -1 1612518947.940487
326.600000 1.731 0.477 0.28370 0.000 -1 1612518947.958027
326.620000 1.735 0.478 0.27780 0.000 -1 1612518947.994332
326.640000 1.738 0.479 0.27310 0.000 -1 1612518948.014007
326.660000 1.742 0.480 0.26990 0.000 -1 1612518948.030113
326.680000 1.746 0.481 0.26520 0.000 -1 1612518948.049326
326.700000 1.750 0.482 0.26090 0.000 -1 1612518948.065791
326.720000 1.754 0.483 0.25730 0.000 -1 1612518948.090257
326.740000 1.758 0.484 0.25260 0.000 -1 1612518948.110729
326.760000 1.762 0.485 0.24710 0.000 -1 1612518948.130380
326.780000 1.766 0.486 0.24310 0.000 -1 1612518948.149122
326.800000 1.769 0.487 0.24000 0.000 -1 1612518948.167479
326.820000 1.773 0.488 0.23520 0.000 -1 1612518948.189034
326.840000 1.777 0.489 0.23090 0.000 -1 1612518948.205971
326.860000 1.781 0.490 0.22700 0.000 -1 1612518948.226372
326.880000 1.785 0.491 0.22220 0.000 -1 1612518948.257515
326.900000 1.789 0.492 0.21750 0.000 -1 1612518948.295020
326.920000 1.793 0.493 0.21320 0.000 -1 1612518948.348012
326.940000 1.797 0.494 0.20960 0.000 -1 1612518948.348117
326.920000 1.793 0.493 0.21320 0.000 -1 1612518948.348244
326.940000 1.797 0.494 0.20960 0.000 -1 1612518948.348402
326.960000 1.801 0.494 0.20490 0.000 -1 1612518948.388108
326.980000 1.805 0.495 0.19940 0.000 -1 1612518948.406264
327.000000 1.808 0.496 0.19540 0.000 -1 1612518948.406312
326.970000 1.803 0.495 0.20210 0.000 -1 1612518948.406379
326.990000 1.807 0.496 0.19780 0.000 -1 1612518948.406421
327.010000 1.810 0.496 0.19390 0.000 -1 1612518948.424771
327.030000 1.814 0.497 0.19030 0.000 -1 1612518948.443244
327.050000 1.818 0.498 0.18560 0.000 -1 1612518948.461817
327.070000 1.822 0.499 0.18090 0.000 -1 1612518948.482255
327.090000 1.826 0.499 0.17690 0.000 -1 1612518948.500806
327.110000 1.830 0.500 0.17260 0.000 -1 1612518948.517781
327.130000 1.834 0.501 0.16790 0.000 -1 1612518948.537974
327.150000 1.838 0.501 0.16310 0.000 -1 1612518948.577001
327.170000 1.842 0.502 0.15920 0.000 -1 1612518948.598479
327.190000 1.846 0.503 0.15450 0.000 -1 1612518948.615476
327.210000 1.850 0.503 0.14970 0.000 -1 1612518948.615520
327.190000 1.846 0.503 0.15450 0.000 -1 1612518948.615555
327.210000 1.850 0.503 0.14970 0.000 -1 1612518948.615586
327.230000 1.854 0.504 0.14620 0.000 -1 1612518948.652299
327.250000 1.858 0.504 0.14260 0.000 -1 1612518948.669923
327.270000 1.862 0.505 0.13790 0.000 -1 1612518948.687481
327.290000 1.866 0.505 0.13320 0.000 -1 1612518948.704187
327.310000 1.870 0.506 0.12920 0.000 -1 1612518948.721044
327.330000 1.874 0.507 0.12490 0.000 -1 1612518948.737476
327.350000 1.878 0.507 0.12020 0.000 -1 1612518948.772623
327.370000 1.882 0.507 0.11550 0.000 -1 1612518948.789047
327.390000 1.886 0.508 0.11150 0.000 -1 1612518948.805919
327.410000 1.889 0.508 0.10680 0.000 -1 1612518948.822317
327.430000 1.893 0.509 0.10210 0.000 -1 1612518948.838333
327.450000 1.897 0.509 0.09850 0.000 -1 1612518948.854862
327.470000 1.901 0.510 0.09500 0.000 -1 1612518948.888529
327.490000 1.905 0.510 0.09020 0.000 -1 1612518948.905276
327.510000 1.909 0.510 0.08470 0.000 -1 1612518948.922825
327.530000 1.913 0.511 0.08080 0.000 -1 1612518948.939426
327.550000 1.917 0.511 0.07680 0.000 -1 1612518948.955382
327.570000 1.921 0.511 0.07250 0.000 -1 1612518948.989177
327.590000 1.925 0.512 0.06780 0.000 -1 1612518949.008696
327.610000 1.929 0.512 0.06300 0.000 -1 1612518949.026344
327.630000 1.933 0.512 0.05830 0.000 -1 1612518949.042977
327.650000 1.937 0.512 0.05360 0.000 -1 1612518949.059556
327.670000 1.941 0.512 0.05000 0.000 -1 1612518949.077139
327.690000 1.945 0.513 0.04650 0.000 -1 1612518949.111771
327.710000 1.949 0.513 0.04180 0.000 -1 1612518949.128234
327.730000 1.953 0.513 0.03630 0.000 -1 1612518949.145386
327.750000 1.957 0.513 0.03230 0.000 -1 1612518949.163042
327.770000 1.961 0.513 0.02840 0.000 -1 1612518949.180671
327.790000 1.965 0.513 0.02400 0.000 -1 1612518949.200053
327.810000 1.969 0.513 0.02320 0.000 -1 1612518949.235266
327.830000 1.973 0.514 0.02480 0.000 -1 1612518949.252612
327.850000 1.977 0.514 0.02480 0.000 -1 1612518949.271279
327.870000 1.981 0.514 0.02320 0.000 -1 1612518949.288679
327.890000 1.985 0.514 0.02250 0.000 -1 1612518949.309703
327.910000 1.989 0.514 0.02320 0.000 -1 1612518949.326308
327.930000 1.993 0.514 0.02320 0.000 -1 1612518949.342733
327.950000 1.997 0.514 0.02320 0.000 -1 1612518949.359412
327.970000 2.001 0.514 0.02320 0.000 -1 1612518949.375331
327.990000 2.005 0.514 0.02320 0.000 -1 1612518949.407682
328.010000 2.009 0.514 0.02320 0.000 -1 1612518949.424864
328.030000 2.013 0.514 0.02320 0.000 -1 1612518949.441349
328.050000 2.017 0.515 0.02320 0.000 -1 1612518949.458336
328.070000 2.021 0.515 0.02290 0.000 -1 1612518949.474689
328.090000 2.025 0.515 0.02290 0.000 -1 1612518949.507815
328.110000 2.029 0.515 0.02290 0.000 -1 1612518949.525150
328.130000 2.033 0.515 0.02290 0.000 -1 1612518949.542937
328.150000 2.037 0.515 0.02290 0.000 -1 1612518949.562295
328.170000 2.041 0.515 0.02010 0.000 -1 1612518949.579843
328.190000 2.045 0.515 0.01540 0.000 -1 1612518949.596852
328.210000 2.049 0.515 0.01460 0.000 -1 1612518949.631878
328.230000 2.053 0.515 0.01690 0.000 -1 1612518949.649454
328.250000 2.057 0.515 0.01690 0.000 -1 1612518949.667094
328.270000 2.061 0.515 0.01460 0.000 -1 1612518949.683650
328.290000 2.065 0.515 0.01460 0.000 -1 1612518949.700210
328.310000 2.069 0.516 0.01690 0.000 -1 1612518949.737365
328.330000 2.073 0.516 0.01690 0.000 -1 1612518949.763933
328.350000 2.077 0.516 0.01540 0.000 -1 1612518949.782419
328.370000 2.081 0.516 0.01540 0.000 -1 1612518949.800068
328.390000 2.085 0.516 0.01620 0.000 -1 1612518949.800142
328.370000 2.081 0.516 0.01540 0.000 -1 1612518949.800209
328.390000 2.085 0.516 0.01620 0.000 -1 1612518949.800264
328.410000 2.089 0.516 0.01620 0.000 -1 1612518949.847062
328.430000 2.093 0.516 0.01620 0.000 -1 1612518949.847108
328.410000 2.089 0.516 0.01620 0.000 -1 1612518949.847133
328.430000 2.093 0.516 0.01620 0.000 -1 1612518949.847166
328.450000 2.097 0.516 0.01620 0.000 -1 1612518949.847197
328.470000 2.101 0.516 0.01620 0.000 -1 1612518949.894017
328.490000 2.105 0.516 0.01620 0.000 -1 1612518949.894191
328.510000 2.109 0.516 0.01620 0.000 -1 1612518949.932013
328.530000 2.113 0.516 0.01650 0.000 -1 1612518949.951829
328.550000 2.117 0.516 0.01650 0.000 -1 1612518949.973743
328.570000 2.121 0.516 0.01650 0.000 -1 1612518949.990880
328.590000 2.125 0.516 0.01650 0.000 -1 1612518949.990977
328.610000 2.129 0.517 0.01650 0.000 -1 1612518950.026836
328.630000 2.133 0.517 0.01500 0.000 -1 1612518950.045209
328.650000 2.137 0.517 0.01100 0.000 -1 1612518950.064428
328.670000 2.141 0.517 0.00790 0.000 -1 1612518950.081153
328.690000 2.145 0.517 0.00950 0.000 -1 1612518950.097641
328.710000 2.149 0.517 0.01060 0.000 -1 1612518950.134030
328.730000 2.153 0.517 0.00910 0.000 -1 1612518950.154745
328.750000 2.157 0.517 0.00750 0.000 -1 1612518950.173512
328.770000 2.161 0.517 0.00830 0.000 -1 1612518950.190057
328.790000 2.165 0.517 0.00910 0.000 -1 1612518950.206781
328.810000 2.169 0.517 0.00910 0.000 -1 1612518950.224225
328.830000 2.173 0.517 0.00830 0.000 -1 1612518950.241294
328.850000 2.177 0.517 0.00830 0.000 -1 1612518950.259566
328.870000 2.181 0.517 0.00830 0.000 -1 1612518950.279776
328.890000 2.185 0.517 0.00870 0.000 -1 1612518950.298697
328.910000 2.189 0.517 0.00870 0.000 -1 1612518950.317793
328.930000 2.193 0.517 0.00870 0.000 -1 1612518950.360044
328.950000 2.197 0.517 0.00870 0.000 -1 1612518950.379799
328.970000 2.201 0.517 0.00870 0.000 -1 1612518950.399679
328.990000 2.205 0.517 0.00870 0.000 -1 1612518950.399728
328.970000 2.201 0.517 0.00870 0.000 -1 1612518950.399775
328.990000 2.205 0.517 0.00870 0.000 -1 1612518950.399814
329.010000 2.209 0.517 0.00870 0.000 -1 1612518950.435545
329.030000 2.213 0.517 0.00870 0.000 -1 1612518950.451901
329.050000 2.217 0.517 0.00870 0.000 -1 1612518950.451996
329.070000 2.221 0.517 0.00870 0.000 -1 1612518950.485788
329.090000 2.225 0.517 0.00870 0.000 -1 1612518950.503924
329.110000 2.229 0.517 0.00870 0.000 -1 1612518950.521877
329.130000 2.233 0.517 0.00870 0.000 -1 1612518950.538108
329.150000 2.237 0.518 0.00870 0.000 -1 1612518950.556171
329.170000 2.241 0.518 0.00870 0.000 -1 1612518950.591929
329.190000 2.245 0.518 0.00830 0.000 -1 1612518950.608328
329.210000 2.249 0.518 0.00830 0.000 -1 1612518950.629552
329.230000 2.253 0.518 0.00830 0.000 -1 1612518950.648036
329.250000 2.257 0.518 0.00350 0.000 -1 1612518950.675677
329.270000 2.261 0.518 -0.00510 0.000 -1 1612518950.695034
329.290000 2.265 0.518 -0.01060 0.000 -1 1612518950.718004
329.310000 2.269 0.518 -0.01380 0.000 -1 1612518950.718083
329.280000 2.263 0.518 -0.01020 0.000 -1 1612518950.718136
329.300000 2.267 0.518 -0.01220 0.000 -1 1612518950.718176
329.320000 2.271 0.518 -0.01460 0.000 -1 1612518950.734874
329.340000 2.275 0.517 -0.02210 0.000 -1 1612518950.758775
329.360000 2.279 0.517 -0.02920 0.000 -1 1612518950.775013
329.380000 2.283 0.517 -0.03230 0.000 -1 1612518950.775055
329.350000 2.277 0.517 -0.02520 0.000 -1 1612518950.775088
329.370000 2.281 0.517 -0.02990 0.000 -1 1612518950.775119
329.390000 2.285 0.517 -0.03470 0.000 -1 1612518950.807512
329.410000 2.289 0.517 -0.03980 0.000 -1 1612518950.823935
329.430000 2.293 0.517 -0.04610 0.000 -1 1612518950.841512
329.450000 2.297 0.517 -0.05360 0.000 -1 1612518950.859150
329.460000 2.299 0.517 -0.06070 0.000 -1 1612518950.877898
329.470000 2.301 0.516 -0.06860 0.000 -1 1612518950.877941
329.460000 2.299 0.517 -0.06070 0.000 -1 1612518950.877988
329.470000 2.301 0.516 -0.06860 0.000 -1 1612518950.878015
329.480000 2.303 0.516 -0.07680 0.000 -1 1612518950.897166
329.490000 2.305 0.516 -0.08430 0.000 -1 1612518950.913788
329.510000 2.309 0.516 -0.08980 0.000 -1 1612518950.933366
329.530000 2.313 0.515 -0.08750 0.000 -1 1612518950.949170
329.550000 2.317 0.515 -0.08750 0.000 -1 1612518950.965482
329.570000 2.321 0.515 -0.08910 0.000 -1 1612518950.988092
329.590000 2.325 0.514 -0.08590 0.000 -1 1612518951.005178
329.610000 2.329 0.514 -0.08000 0.000 -1 1612518951.022133
329.630000 2.333 0.514 -0.07600 0.000 -1 1612518951.038488
329.650000 2.337 0.513 -0.07370 0.000 -1 1612518951.055553
329.670000 2.341 0.513 -0.06970 0.000 -1 1612518951.090864
329.690000 2.345 0.513 -0.06420 0.000 -1 1612518951.107758
329.710000 2.349 0.513 -0.06030 0.000 -1 1612518951.125262
329.730000 2.353 0.512 -0.05710 0.000 -1 1612518951.141810
329.750000 2.357 0.512 -0.05240 0.000 -1 1612518951.158539
329.770000 2.361 0.512 -0.04690 0.000 -1 1612518951.191459
329.790000 2.365 0.512 -0.04300 0.000 -1 1612518951.209095
329.810000 2.369 0.512 -0.03980 0.000 -1 1612518951.226891
329.830000 2.373 0.511 -0.03550 0.000 -1 1612518951.245431
329.850000 2.377 0.511 -0.02990 0.000 -1 1612518951.262066
329.870000 2.381 0.511 -0.02520 0.000 -1 1612518951.278828
329.890000 2.385 0.511 -0.02130 0.000 -1 1612518951.300291
329.910000 2.389 0.511 -0.01650 0.000 -1 1612518951.316509
329.930000 2.393 0.511 -0.01220 0.000 -1 1612518951.349873
329.950000 2.397 0.511 -0.00870 0.000 -1 1612518951.366891
329.970000 2.401 0.511 -0.00390 0.000 -1 1612518951.384656
329.990000 2.405 0.511 0.00160 0.000 -1 1612518951.401289
330.010000 2.409 0.511 0.00550 0.000 -1 1612518951.419397
330.030000 2.413 0.511 0.00870 0.000 -1 1612518951.437901
330.050000 2.417 0.511 0.01300 0.000 -1 1612518951.482812
330.070000 2.421 0.511 0.01620 0.000 -1 1612518951.482871
330.050000 2.417 0.511 0.01300 0.000 -1 1612518951.482922
330.070000 2.421 0.511 0.01620 0.000 -1 1612518951.482966
330.090000 2.425 0.511 0.01540 0.000 -1 1612518951.500589
330.110000 2.429 0.511 0.01460 0.000 -1 1612518951.537469
330.130000 2.433 0.511 0.01540 0.000 -1 1612518951.537525
330.110000 2.429 0.511 0.01460 0.000 -1 1612518951.537566
330.130000 2.433 0.511 0.01540 0.000 -1 1612518951.537607
330.150000 2.437 0.511 0.01620 0.000 -1 1612518951.574660
330.170000 2.441 0.511 0.01620 0.000 -1 1612518951.591067
330.190000 2.445 0.511 0.01540 0.000 -1 1612518951.591166
330.210000 2.449 0.512 0.01540 0.000 -1 1612518951.626537
330.230000 2.453 0.512 0.01540 0.000 -1 1612518951.648215
330.250000 2.457 0.512 0.01540 0.000 -1 1612518951.677648
330.270000 2.461 0.512 0.01540 0.000 -1 1612518951.700962
330.290000 2.465 0.512 0.01540 0.000 -1 1612518951.701213
330.310000 2.469 0.512 0.01540 0.000 -1 1612518951.736062
330.330000 2.473 0.512 0.01540 0.000 -1 1612518951.753705
330.350000 2.477 0.512 0.01540 0.000 -1 1612518951.770239
330.370000 2.481 0.512 0.01580 0.000 -1 1612518951.787042
330.390000 2.485 0.512 0.01580 0.000 -1 1612518951.826887
330.410000 2.489 0.512 0.01580 0.000 -1 1612518951.844377
330.430000 2.493 0.512 0.01580 0.000 -1 1612518951.868446
330.450000 2.497 0.512 0.01580 0.000 -1 1612518951.884924
330.470000 2.501 0.512 0.01540 0.000 -1 1612518951.902316
330.490000 2.505 0.512 0.01540 0.000 -1 1612518951.919824
330.510000 2.509 0.512 0.01540 0.000 -1 1612518951.937668
330.530000 2.513 0.513 0.01540 0.000 -1 1612518951.955357
330.550000 2.517 0.513 0.01540 0.000 -1 1612518951.971860
330.570000 2.521 0.513 0.01540 0.000 -1 1612518951.989509
330.590000 2.525 0.513 0.01540 0.000 -1 1612518952.006620
330.610000 2.529 0.513 0.01540 0.000 -1 1612518952.041359
330.630000 2.533 0.513 0.01540 0.000 -1 1612518952.058129
330.650000 2.537 0.513 0.01540 0.000 -1 1612518952.074845
330.670000 2.541 0.513 0.01540 0.000 -1 1612518952.092364
330.690000 2.545 0.513 0.01540 0.000 -1 1612518952.116058
330.710000 2.549 0.513 0.01540 0.000 -1 1612518952.137531
330.730000 2.553 0.513 0.01540 0.000 -1 1612518952.155973
330.750000 2.557 0.513 0.01540 0.000 -1 1612518952.174592
330.770000 2.561 0.513 0.01540 0.000 -1 1612518952.192084
330.790000 2.565 0.513 0.01540 0.000 -1 1612518952.208880
330.810000 2.569 0.513 0.01540 0.000 -1 1612518952.226613
330.830000 2.573 0.513 0.01580 0.000 -1 1612518952.271644
330.850000 2.577 0.513 0.01580 0.000 -1 1612518952.271687
330.830000 2.573 0.513 0.01580 0.000 -1 1612518952.271722
330.850000 2.577 0.513 0.01580 0.000 -1 1612518952.271753
330.870000 2.581 0.514 0.01580 0.000 -1 1612518952.289212
330.890000 2.585 0.514 0.01580 0.000 -1 1612518952.306236
330.910000 2.589 0.514 0.01580 0.000 -1 1612518952.340905
330.930000 2.593 0.514 0.01540 0.000 -1 1612518952.358392
330.950000 2.597 0.514 0.01540 0.000 -1 1612518952.376057
330.970000 2.601 0.514 0.01540 0.000 -1 1612518952.394693
330.990000 2.605 0.514 0.01540 0.000 -1 1612518952.415823
331.010000 2.609 0.514 0.01540 0.000 -1 1612518952.482655
331.030000 2.613 0.514 0.01540 0.000 -1 1612518952.482697
331.000000 2.607 0.514 0.01540 0.000 -1 1612518952.482732
331.020000 2.611 0.514 0.01540 0.000 -1 1612518952.482764
331.040000 2.615 0.514 0.01540 0.000 -1 1612518952.482794
331.060000 2.619 0.514 0.01580 0.000 -1 1612518952.558916
331.080000 2.623 0.514 0.01580 0.000 -1 1612518952.559113
331.060000 2.619 0.514 0.01580 0.000 -1 1612518952.559224
331.080000 2.623 0.514 0.01580 0.000 -1 1612518952.559307
331.100000 2.627 0.514 0.01580 0.000 -1 1612518952.578246
331.120000 2.631 0.514 0.01580 0.000 -1 1612518952.615674
331.140000 2.635 0.514 0.01580 0.000 -1 1612518952.633159
331.160000 2.639 0.514 0.01540 0.000 -1 1612518952.650680
331.180000 2.643 0.515 0.01540 0.000 -1 1612518952.667681
331.200000 2.647 0.515 0.01540 0.000 -1 1612518952.684961
331.220000 2.651 0.515 0.01540 0.000 -1 1612518952.701762
331.240000 2.655 0.515 0.01540 0.000 -1 1612518952.717768
331.260000 2.659 0.515 0.01540 0.000 -1 1612518952.734658
331.280000 2.663 0.515 0.01540 0.000 -1 1612518952.770928
331.300000 2.667 0.515 0.01540 0.000 -1 1612518952.788172
331.320000 2.671 0.515 0.01540 0.000 -1 1612518952.806265
331.340000 2.675 0.515 0.01540 0.000 -1 1612518952.829998
331.360000 2.679 0.515 0.01540 0.000 -1 1612518952.847050
331.380000 2.683 0.515 0.01540 0.000 -1 1612518952.863809
331.400000 2.687 0.515 0.01540 0.000 -1 1612518952.880786
331.420000 2.691 0.515 0.01540 0.000 -1 1612518952.897120
331.440000 2.695 0.515 0.01540 0.000 -1 1612518952.930180
331.460000 2.699 0.515 0.01540 0.000 -1 1612518952.947876
331.480000 2.703 0.515 0.01540 0.000 -1 1612518952.965132
331.500000 2.707 0.515 0.01540 0.000 -1 1612518952.982402
331.520000 2.711 0.516 0.01580 0.000 -1 1612518952.998545
331.540000 2.715 0.516 0.01580 0.000 -1 1612518953.015812
331.560000 2.719 0.516 0.01580 0.000 -1 1612518953.049424
331.580000 2.723 0.516 0.01580 0.000 -1 1612518953.067450
331.600000 2.727 0.516 0.01580 0.000 -1 1612518953.087043
331.620000 2.731 0.516 0.01540 0.000 -1 1612518953.109729
331.640000 2.735 0.516 0.01540 0.000 -1 1612518953.158886
331.660000 2.739 0.516 0.01540 0.000 -1 1612518953.158987
331.630000 2.733 0.516 0.01540 0.000 -1 1612518953.159124
331.650000 2.737 0.516 0.01540 0.000 -1 1612518953.159317
331.680000 2.743 0.516 0.01540 0.000 -1 1612518953.180364
331.700000 2.747 0.516 0.01540 0.000 -1 1612518953.197234
331.720000 2.751 0.516 0.01540 0.000 -1 1612518953.230381
331.740000 2.755 0.516 0.01540 0.000 -1 1612518953.252117
331.760000 2.759 0.516 0.00510 0.000 -1 1612518953.268769
331.780000 2.763 0.516 -0.00350 0.000 -1 1612518953.285853
331.800000 2.767 0.516 -0.00510 0.000 -1 1612518953.320984
331.820000 2.771 0.516 -0.00830 0.000 -1 1612518953.337895
331.840000 2.775 0.516 -0.01690 0.000 -1 1612518953.356110
331.860000 2.779 0.516 -0.02400 0.000 -1 1612518953.372511
331.880000 2.783 0.516 -0.02600 0.000 -1 1612518953.388595
331.900000 2.787 0.516 -0.02990 0.000 -1 1612518953.426217
331.920000 2.791 0.516 -0.03780 0.000 -1 1612518953.444805
331.940000 2.795 0.516 -0.04370 0.000 -1 1612518953.462974
331.950000 2.797 0.516 -0.05240 0.000 -1 1612518953.463004
331.940000 2.795 0.516 -0.04370 0.000 -1 1612518953.463041
331.950000 2.797 0.516 -0.05240 0.000 -1 1612518953.463060
331.960000 2.799 0.515 -0.06070 0.000 -1 1612518953.480232
331.970000 2.801 0.515 -0.07050 0.000 -1 1612518953.480261
331.960000 2.799 0.515 -0.06070 0.000 -1 1612518953.480295
331.970000 2.801 0.515 -0.07050 0.000 -1 1612518953.480314
331.980000 2.803 0.515 -0.08040 0.000 -1 1612518953.498078
331.990000 2.805 0.515 -0.08630 0.000 -1 1612518953.498107
331.980000 2.803 0.515 -0.08040 0.000 -1 1612518953.498142
331.990000 2.805 0.515 -0.08630 0.000 -1 1612518953.498161
332.010000 2.809 0.515 -0.09020 0.000 -1 1612518953.515653
332.030000 2.813 0.514 -0.08870 0.000 -1 1612518953.550702
332.050000 2.817 0.514 -0.08940 0.000 -1 1612518953.567740
332.070000 2.821 0.514 -0.09020 0.000 -1 1612518953.584927
332.090000 2.825 0.513 -0.08630 0.000 -1 1612518953.601387
332.110000 2.829 0.513 -0.08080 0.000 -1 1612518953.621798
332.130000 2.833 0.513 -0.07760 0.000 -1 1612518953.647455
332.150000 2.837 0.512 -0.07450 0.000 -1 1612518953.670775
332.170000 2.841 0.512 -0.07010 0.000 -1 1612518953.689713
332.190000 2.845 0.512 -0.06540 0.000 -1 1612518953.689758
332.160000 2.839 0.512 -0.07290 0.000 -1 1612518953.689794
332.180000 2.843 0.512 -0.06660 0.000 -1 1612518953.689836
332.200000 2.847 0.512 -0.06300 0.000 -1 1612518953.735556
332.220000 2.851 0.511 -0.06070 0.000 -1 1612518953.735618
332.240000 2.855 0.511 -0.05560 0.000 -1 1612518953.735650
332.210000 2.849 0.511 -0.06150 0.000 -1 1612518953.755225
332.230000 2.853 0.511 -0.05750 0.000 -1 1612518953.755274
332.250000 2.857 0.511 -0.05280 0.000 -1 1612518953.755306
332.270000 2.861 0.511 -0.04810 0.000 -1 1612518953.789861
332.290000 2.865 0.511 -0.04450 0.000 -1 1612518953.790011
332.310000 2.869 0.510 -0.04100 0.000 -1 1612518953.832270
332.330000 2.873 0.510 -0.03630 0.000 -1 1612518953.857232
332.350000 2.877 0.510 -0.03150 0.000 -1 1612518953.873566
332.370000 2.881 0.510 -0.02760 0.000 -1 1612518953.873624
332.340000 2.875 0.510 -0.03390 0.000 -1 1612518953.873674
332.360000 2.879 0.510 -0.02990 0.000 -1 1612518953.873718
332.380000 2.883 0.510 -0.02520 0.000 -1 1612518953.891954
332.400000 2.887 0.510 -0.02050 0.000 -1 1612518953.908074
332.420000 2.891 0.510 -0.01620 0.000 -1 1612518953.925040
332.440000 2.895 0.510 -0.01140 0.000 -1 1612518953.959237
332.460000 2.899 0.510 -0.00710 0.000 -1 1612518953.976151
332.480000 2.903 0.510 -0.00240 0.000 -1 1612518953.992708
332.500000 2.907 0.510 0.00240 0.000 -1 1612518954.009387
332.520000 2.911 0.510 0.00630 0.000 -1 1612518954.026473
332.540000 2.915 0.510 0.01020 0.000 -1 1612518954.061418
332.560000 2.919 0.510 0.01460 0.000 -1 1612518954.077744
332.580000 2.923 0.510 0.01930 0.000 -1 1612518954.095020
332.600000 2.927 0.510 0.02250 0.000 -1 1612518954.112471
332.620000 2.931 0.510 0.02170 0.000 -1 1612518954.130059
332.640000 2.935 0.510 0.02090 0.000 -1 1612518954.146827
332.660000 2.939 0.510 0.02170 0.000 -1 1612518954.183038
332.680000 2.943 0.510 0.02250 0.000 -1 1612518954.201853
332.700000 2.947 0.510 0.02170 0.000 -1 1612518954.219171
332.720000 2.951 0.510 0.02170 0.000 -1 1612518954.237987
332.740000 2.955 0.511 0.02250 0.000 -1 1612518954.264062
332.760000 2.959 0.511 0.02250 0.000 -1 1612518954.287189
332.780000 2.963 0.511 0.02250 0.000 -1 1612518954.303154
332.800000 2.967 0.511 0.02250 0.000 -1 1612518954.303250
332.820000 2.971 0.511 0.02250 0.000 -1 1612518954.336579
332.840000 2.975 0.511 0.02250 0.000 -1 1612518954.352971
332.860000 2.979 0.511 0.02250 0.000 -1 1612518954.369882
332.880000 2.983 0.511 0.02250 0.000 -1 1612518954.386615
332.900000 2.987 0.511 0.02210 0.000 -1 1612518954.422835
332.920000 2.991 0.511 0.02210 0.000 -1 1612518954.441373
332.940000 2.995 0.511 0.02210 0.000 -1 1612518954.459218
332.960000 2.999 0.511 0.02210 0.000 -1 1612518954.487845
332.980000 3.003 0.512 0.02210 0.000 -1 1612518954.508202
333.000000 3.007 0.512 0.02250 0.000 -1 1612518954.508483
333.020000 3.011 0.512 0.02250 0.000 -1 1612518954.542195
333.040000 3.015 0.512 0.02250 0.000 -1 1612518954.559796
333.020000 3.011 0.512 0.02250 0.000 -1 1612518954.559837
333.040000 3.015 0.512 0.02250 0.000 -1 1612518954.559870
333.060000 3.019 0.512 0.02250 0.000 -1 1612518954.576685
333.080000 3.023 0.512 0.02250 0.000 -1 1612518954.609512
333.100000 3.027 0.512 0.02250 0.000 -1 1612518954.626403
333.120000 3.031 0.512 0.02250 0.000 -1 1612518954.642832
333.140000 3.035 0.512 0.02250 0.000 -1 1612518954.659445
333.160000 3.039 0.512 0.02250 0.000 -1 1612518954.676184
333.180000 3.043 0.512 0.02250 0.000 -1 1612518954.708817
333.200000 3.047 0.513 0.02250 0.000 -1 1612518954.725863
333.220000 3.051 0.513 0.02250 0.000 -1 1612518954.748662
333.240000 3.055 0.513 0.02250 0.000 -1 1612518954.768159
333.260000 3.059 0.513 0.02250 0.000 -1 1612518954.768266
333.280000 3.063 0.513 0.02250 0.000 -1 1612518954.805179
333.300000 3.067 0.513 0.02250 0.000 -1 1612518954.826730
333.280000 3.063 0.513 0.02250 0.000 -1 1612518954.826831
333.300000 3.067 0.513 0.02250 0.000 -1 1612518954.826878
333.320000 3.071 0.513 0.02250 0.000 -1 1612518954.843271
333.340000 3.075 0.513 0.02250 0.000 -1 1612518954.864830
333.360000 3.079 0.513 0.02210 0.000 -1 1612518954.888514
333.380000 3.083 0.513 0.02210 0.000 -1 1612518954.905281
333.400000 3.087 0.513 0.02210 0.000 -1 1612518954.922312
333.420000 3.091 0.514 0.02210 0.000 -1 1612518954.939358
333.440000 3.095 0.514 0.02210 0.000 -1 1612518954.956614
333.460000 3.099 0.514 0.02250 0.000 -1 1612518955.005059
333.480000 3.103 0.514 0.02250 0.000 -1 1612518955.022196
333.500000 3.107 0.514 0.02250 0.000 -1 1612518955.022248
333.480000 3.103 0.514 0.02250 0.000 -1 1612518955.022290
333.500000 3.107 0.514 0.02250 0.000 -1 1612518955.022327
333.520000 3.111 0.514 0.02250 0.000 -1 1612518955.038351
333.540000 3.115 0.514 0.02250 0.000 -1 1612518955.054409
333.560000 3.119 0.514 0.02250 0.000 -1 1612518955.087935
333.580000 3.123 0.514 0.02250 0.000 -1 1612518955.106027
333.600000 3.127 0.514 0.02250 0.000 -1 1612518955.124815
333.620000 3.131 0.514 0.02250 0.000 -1 1612518955.141230
333.640000 3.135 0.515 0.02250 0.000 -1 1612518955.158189
333.660000 3.139 0.515 0.02250 0.000 -1 1612518955.174677
333.680000 3.143 0.515 0.02250 0.000 -1 1612518955.208760
333.700000 3.147 0.515 0.02250 0.000 -1 1612518955.226378
333.720000 3.151 0.515 0.02250 0.000 -1 1612518955.242871
333.740000 3.155 0.515 0.02250 0.000 -1 1612518955.258872
333.760000 3.159 0.515 0.02250 0.000 -1 1612518955.277175
333.780000 3.163 0.515 0.02250 0.000 -1 1612518955.315037
333.800000 3.167 0.515 0.02250 0.000 -1 1612518955.315123
333.820000 3.171 0.515 0.02090 0.000 -1 1612518955.349983
333.840000 3.175 0.515 0.01730 0.000 -1 1612518955.367157
333.860000 3.179 0.515 0.01500 0.000 -1 1612518955.367252
333.880000 3.183 0.516 0.01580 0.000 -1 1612518955.405288
333.900000 3.187 0.516 0.01650 0.000 -1 1612518955.421873
333.880000 3.183 0.516 0.01580 0.000 -1 1612518955.421919
333.900000 3.187 0.516 0.01650 0.000 -1 1612518955.421953
333.920000 3.191 0.516 0.01540 0.000 -1 1612518955.439401
333.940000 3.195 0.516 0.01420 0.000 -1 1612518955.456523
333.960000 3.199 0.516 0.01460 0.000 -1 1612518955.491310
333.980000 3.203 0.516 0.01540 0.000 -1 1612518955.507907
334.000000 3.207 0.516 0.01460 0.000 -1 1612518955.527530
334.020000 3.211 0.516 0.01380 0.000 -1 1612518955.546233
334.040000 3.215 0.516 0.01460 0.000 -1 1612518955.564313
334.060000 3.219 0.516 0.01540 0.000 -1 1612518955.581976
334.080000 3.223 0.516 0.01540 0.000 -1 1612518955.598488
334.100000 3.227 0.516 0.01460 0.000 -1 1612518955.633452
334.120000 3.231 0.516 0.01460 0.000 -1 1612518955.650106
334.140000 3.235 0.516 0.01460 0.000 -1 1612518955.667684
334.160000 3.239 0.516 0.01460 0.000 -1 1612518955.685005
334.180000 3.243 0.516 0.01460 0.000 -1 1612518955.701508
334.200000 3.247 0.516 0.01460 0.000 -1 1612518955.718588
334.220000 3.251 0.517 0.01460 0.000 -1 1612518955.735962
334.240000 3.255 0.517 0.01460 0.000 -1 1612518955.769567
334.260000 3.259 0.517 0.00390 0.000 -1 1612518955.786009
334.270000 3.261 0.517 -0.00200 0.000 -1 1612518955.786044
334.260000 3.259 0.517 0.00390 0.000 -1 1612518955.786084
334.270000 3.261 0.517 -0.00200 0.000 -1 1612518955.786107
334.280000 3.263 0.517 -0.00870 0.000 -1 1612518955.802499
334.300000 3.267 0.517 -0.01220 0.000 -1 1612518955.823248
334.320000 3.271 0.517 -0.01420 0.000 -1 1612518955.858384
334.340000 3.275 0.516 -0.02360 0.000 -1 1612518955.858428
334.320000 3.271 0.517 -0.01420 0.000 -1 1612518955.858471
334.340000 3.275 0.516 -0.02360 0.000 -1 1612518955.858502
334.360000 3.279 0.516 -0.03390 0.000 -1 1612518955.893611
334.380000 3.283 0.516 -0.03860 0.000 -1 1612518955.910535
334.400000 3.287 0.516 -0.04220 0.000 -1 1612518955.910573
334.370000 3.281 0.516 -0.03590 0.000 -1 1612518955.910608
334.390000 3.285 0.516 -0.04060 0.000 -1 1612518955.910640
334.410000 3.289 0.516 -0.04690 0.000 -1 1612518955.928173
334.430000 3.293 0.516 -0.05520 0.000 -1 1612518955.961330
334.450000 3.297 0.516 -0.06150 0.000 -1 1612518955.978465
334.460000 3.299 0.515 -0.06780 0.000 -1 1612518955.978495
334.450000 3.297 0.516 -0.06150 0.000 -1 1612518955.978529
334.460000 3.299 0.515 -0.06780 0.000 -1 1612518955.978549
334.470000 3.301 0.515 -0.07450 0.000 -1 1612518955.997480
334.480000 3.303 0.515 -0.08390 0.000 -1 1612518955.997511
334.470000 3.301 0.515 -0.07450 0.000 -1 1612518955.997607
334.480000 3.303 0.515 -0.08390 0.000 -1 1612518955.997636
334.490000 3.305 0.515 -0.09220 0.000 -1 1612518956.015045
334.500000 3.307 0.515 -0.09810 0.000 -1 1612518956.031164
334.520000 3.311 0.514 -0.10360 0.000 -1 1612518956.049154
334.540000 3.315 0.514 -0.10360 0.000 -1 1612518956.072889
334.560000 3.319 0.513 -0.10440 0.000 -1 1612518956.088957
334.580000 3.323 0.513 -0.10440 0.000 -1 1612518956.106072
334.600000 3.327 0.513 -0.10130 0.000 -1 1612518956.106201
334.570000 3.321 0.513 -0.10480 0.000 -1 1612518956.106261
334.590000 3.325 0.513 -0.10400 0.000 -1 1612518956.106317
334.610000 3.329 0.512 -0.09930 0.000 -1 1612518956.147388
334.630000 3.333 0.512 -0.09460 0.000 -1 1612518956.165984
334.650000 3.337 0.512 -0.09220 0.000 -1 1612518956.166055
334.620000 3.331 0.512 -0.09690 0.000 -1 1612518956.166116
334.640000 3.335 0.512 -0.09380 0.000 -1 1612518956.166171
334.660000 3.339 0.512 -0.09060 0.000 -1 1612518956.185067
334.680000 3.343 0.511 -0.08590 0.000 -1 1612518956.207321
334.700000 3.346 0.511 -0.08160 0.000 -1 1612518956.228945
334.720000 3.350 0.511 -0.07760 0.000 -1 1612518956.254441
334.740000 3.354 0.510 -0.07330 0.000 -1 1612518956.279660
334.760000 3.358 0.510 -0.06860 0.000 -1 1612518956.297023
334.780000 3.362 0.510 -0.06380 0.000 -1 1612518956.297063
334.750000 3.357 0.510 -0.07050 0.000 -1 1612518956.297097
334.770000 3.361 0.510 -0.06580 0.000 -1 1612518956.297128
334.790000 3.365 0.510 -0.06190 0.000 -1 1612518956.322120
334.810000 3.369 0.509 -0.05870 0.000 -1 1612518956.342405
334.830000 3.373 0.509 -0.05400 0.000 -1 1612518956.342447
334.800000 3.366 0.509 -0.05990 0.000 -1 1612518956.342479
334.820000 3.370 0.509 -0.05600 0.000 -1 1612518956.342510
334.840000 3.374 0.509 -0.05120 0.000 -1 1612518956.381793
334.860000 3.378 0.509 -0.04690 0.000 -1 1612518956.401155
334.880000 3.382 0.509 -0.04300 0.000 -1 1612518956.401222
334.850000 3.376 0.509 -0.04850 0.000 -1 1612518956.401304
334.870000 3.380 0.509 -0.04450 0.000 -1 1612518956.401359
334.890000 3.384 0.509 -0.04140 0.000 -1 1612518956.401412
334.910000 3.389 0.508 -0.03700 0.000 -1 1612518956.437116
334.930000 3.393 0.508 -0.03230 0.000 -1 1612518956.454733
334.950000 3.397 0.508 -0.02760 0.000 -1 1612518956.471436
334.970000 3.400 0.508 -0.02290 0.000 -1 1612518956.488332
334.990000 3.404 0.508 -0.01810 0.000 -1 1612518956.506610
335.010000 3.408 0.508 -0.01340 0.000 -1 1612518956.540864
335.030000 3.412 0.508 -0.01020 0.000 -1 1612518956.558463
335.050000 3.416 0.508 -0.00630 0.000 -1 1612518956.574853
335.070000 3.420 0.508 -0.00080 0.000 -1 1612518956.596357
335.090000 3.424 0.508 0.00390 0.000 -1 1612518956.615073
335.110000 3.428 0.508 0.00710 0.000 -1 1612518956.632324
335.130000 3.432 0.508 0.01100 0.000 -1 1612518956.648328
335.150000 3.437 0.508 0.01540 0.000 -1 1612518956.666633
335.170000 3.441 0.508 0.02010 0.000 -1 1612518956.704175
335.190000 3.444 0.508 0.02480 0.000 -1 1612518956.720571
335.210000 3.448 0.508 0.02960 0.000 -1 1612518956.738011
335.230000 3.452 0.508 0.03030 0.000 -1 1612518956.755528
335.250000 3.456 0.508 0.02800 0.000 -1 1612518956.773177
335.270000 3.460 0.508 0.02800 0.000 -1 1612518956.789782
335.290000 3.464 0.509 0.03030 0.000 -1 1612518956.806599
335.310000 3.469 0.509 0.03070 0.000 -1 1612518956.841483
335.330000 3.472 0.509 0.02960 0.000 -1 1612518956.857725
335.350000 3.476 0.509 0.02920 0.000 -1 1612518956.876865
335.370000 3.480 0.509 0.02990 0.000 -1 1612518956.896693
335.390000 3.484 0.509 0.02990 0.000 -1 1612518956.913756
335.410000 3.488 0.509 0.02920 0.000 -1 1612518956.934470
335.430000 3.492 0.509 0.02920 0.000 -1 1612518956.951920
335.450000 3.496 0.510 0.02920 0.000 -1 1612518956.968991
335.470000 3.500 0.510 0.02920 0.000 -1 1612518956.985386
335.490000 3.504 0.510 0.02920 0.000 -1 1612518957.022529
335.510000 3.508 0.510 0.02920 0.000 -1 1612518957.047059
335.530000 3.512 0.510 0.02920 0.000 -1 1612518957.069564
335.550000 3.516 0.510 0.02920 0.000 -1 1612518957.087057
335.570000 3.520 0.510 0.02920 0.000 -1 1612518957.103855
335.590000 3.524 0.510 0.02920 0.000 -1 1612518957.121065
335.610000 3.528 0.510 0.02920 0.000 -1 1612518957.137216
335.630000 3.532 0.511 0.02960 0.000 -1 1612518957.153868
335.650000 3.536 0.511 0.02960 0.000 -1 1612518957.170526
335.670000 3.540 0.511 0.02960 0.000 -1 1612518957.186633
335.690000 3.544 0.511 0.02960 0.000 -1 1612518957.220769
335.710000 3.548 0.511 0.02960 0.000 -1 1612518957.237987
335.730000 3.552 0.511 0.02960 0.000 -1 1612518957.258404
335.750000 3.556 0.511 0.02960 0.000 -1 1612518957.277293
335.770000 3.560 0.511 0.02960 0.000 -1 1612518957.293384
335.790000 3.564 0.512 0.02960 0.000 -1 1612518957.310694
335.810000 3.568 0.512 0.02920 0.000 -1 1612518957.328018
335.830000 3.572 0.512 0.02920 0.000 -1 1612518957.362229
335.850000 3.576 0.512 0.02920 0.000 -1 1612518957.378559
335.870000 3.580 0.512 0.02920 0.000 -1 1612518957.395347
335.890000 3.584 0.512 0.02920 0.000 -1 1612518957.411973
335.910000 3.588 0.512 0.02920 0.000 -1 1612518957.428069
335.930000 3.592 0.512 0.02920 0.000 -1 1612518957.445357
335.950000 3.596 0.512 0.02920 0.000 -1 1612518957.483277
335.970000 3.600 0.513 0.02920 0.000 -1 1612518957.502137
335.990000 3.604 0.513 0.02920 0.000 -1 1612518957.518548
336.010000 3.608 0.513 0.02920 0.000 -1 1612518957.536470
336.030000 3.612 0.513 0.02920 0.000 -1 1612518957.554875
336.050000 3.616 0.513 0.02920 0.000 -1 1612518957.575559
336.070000 3.620 0.513 0.02920 0.000 -1 1612518957.598559
336.090000 3.624 0.513 0.02960 0.000 -1 1612518957.616120
336.110000 3.628 0.513 0.02960 0.000 -1 1612518957.633836
336.130000 3.632 0.514 0.02960 0.000 -1 1612518957.651286
336.150000 3.636 0.514 0.02960 0.000 -1 1612518957.668319
336.170000 3.640 0.514 0.02880 0.000 -1 1612518957.684663
336.190000 3.644 0.514 0.02640 0.000 -1 1612518957.723596
336.210000 3.648 0.514 0.02250 0.000 -1 1612518957.740490
336.230000 3.652 0.514 0.02170 0.000 -1 1612518957.757802
336.250000 3.656 0.514 0.02320 0.000 -1 1612518957.775427
336.270000 3.660 0.514 0.02320 0.000 -1 1612518957.793145
336.290000 3.664 0.514 0.02170 0.000 -1 1612518957.809064
336.310000 3.668 0.514 0.02170 0.000 -1 1612518957.826556
336.330000 3.672 0.515 0.02320 0.000 -1 1612518957.860866
336.350000 3.676 0.515 0.02290 0.000 -1 1612518957.877905
336.370000 3.680 0.515 0.02130 0.000 -1 1612518957.896147
336.390000 3.684 0.515 0.02130 0.000 -1 1612518957.913695
336.410000 3.688 0.515 0.02210 0.000 -1 1612518957.936282
336.430000 3.692 0.515 0.02210 0.000 -1 1612518957.963085
336.450000 3.696 0.515 0.02250 0.000 -1 1612518957.980347
336.470000 3.700 0.515 0.02250 0.000 -1 1612518957.980444
336.490000 3.704 0.515 0.02250 0.000 -1 1612518958.017605
336.510000 3.708 0.515 0.02170 0.000 -1 1612518958.035105
336.530000 3.712 0.515 0.01930 0.000 -1 1612518958.051936
336.550000 3.716 0.515 0.01540 0.000 -1 1612518958.069535
336.570000 3.720 0.516 0.01460 0.000 -1 1612518958.086046
336.590000 3.724 0.516 0.01620 0.000 -1 1612518958.120025
336.610000 3.728 0.516 0.01620 0.000 -1 1612518958.136755
336.630000 3.732 0.516 0.01460 0.000 -1 1612518958.153218
336.650000 3.736 0.516 0.01380 0.000 -1 1612518958.170057
336.670000 3.740 0.516 0.01460 0.000 -1 1612518958.188422
336.690000 3.744 0.516 0.01460 0.000 -1 1612518958.209399
336.710000 3.748 0.516 0.01460 0.000 -1 1612518958.248959
336.730000 3.752 0.516 0.01460 0.000 -1 1612518958.267495
336.750000 3.756 0.516 0.01180 0.000 -1 1612518958.285231
336.760000 3.758 0.516 0.00470 0.000 -1 1612518958.285256
336.750000 3.756 0.516 0.01180 0.000 -1 1612518958.285290
336.760000 3.758 0.516 0.00470 0.000 -1 1612518958.285310
336.770000 3.760 0.516 -0.00240 0.000 -1 1612518958.301626
336.780000 3.762 0.516 -0.00910 0.000 -1 1612518958.301655
336.770000 3.760 0.516 -0.00240 0.000 -1 1612518958.301689
336.780000 3.762 0.516 -0.00910 0.000 -1 1612518958.301709
336.800000 3.766 0.516 -0.01540 0.000 -1 1612518958.320257
336.820000 3.770 0.516 -0.01850 0.000 -1 1612518958.337119
336.840000 3.774 0.516 -0.02720 0.000 -1 1612518958.370189
336.860000 3.778 0.516 -0.03740 0.000 -1 1612518958.387678
336.880000 3.782 0.516 -0.04450 0.000 -1 1612518958.403966
336.900000 3.786 0.515 -0.05080 0.000 -1 1612518958.421665
336.920000 3.790 0.515 -0.05910 0.000 -1 1612518958.437751
336.910000 3.788 0.515 -0.05360 0.000 -1 1612518958.437799
336.920000 3.790 0.515 -0.05910 0.000 -1 1612518958.437821
336.940000 3.794 0.515 -0.06460 0.000 -1 1612518958.454842
336.960000 3.798 0.515 -0.07210 0.000 -1 1612518958.491631
336.970000 3.800 0.514 -0.07760 0.000 -1 1612518958.491661
336.960000 3.798 0.515 -0.07210 0.000 -1 1612518958.491696
336.970000 3.800 0.514 -0.07760 0.000 -1 1612518958.491754
336.980000 3.802 0.514 -0.08750 0.000 -1 1612518958.509193
336.990000 3.804 0.514 -0.09540 0.000 -1 1612518958.509220
336.980000 3.802 0.514 -0.08750 0.000 -1 1612518958.509254
336.990000 3.804 0.514 -0.09540 0.000 -1 1612518958.509273
337.000000 3.806 0.514 -0.10360 0.000 -1 1612518958.526923
337.010000 3.808 0.514 -0.11070 0.000 -1 1612518958.526953
337.000000 3.806 0.514 -0.10360 0.000 -1 1612518958.526989
337.010000 3.808 0.514 -0.11070 0.000 -1 1612518958.527008
337.030000 3.812 0.513 -0.11550 0.000 -1 1612518958.565993
337.050000 3.816 0.513 -0.11470 0.000 -1 1612518958.585455
337.070000 3.820 0.512 -0.11070 0.000 -1 1612518958.614757
337.090000 3.824 0.512 -0.10360 0.000 -1 1612518958.637737
337.110000 3.828 0.512 -0.09500 0.000 -1 1612518958.637781
337.090000 3.824 0.512 -0.10360 0.000 -1 1612518958.637833
337.110000 3.828 0.512 -0.09500 0.000 -1 1612518958.637866
337.130000 3.832 0.511 -0.08940 0.000 -1 1612518958.658919
337.150000 3.836 0.511 -0.08470 0.000 -1 1612518958.679420
337.170000 3.840 0.510 -0.07920 0.000 -1 1612518958.700098
337.190000 3.844 0.510 -0.07370 0.000 -1 1612518958.718500
337.210000 3.848 0.510 -0.06970 0.000 -1 1612518958.718541
337.180000 3.842 0.510 -0.07680 0.000 -1 1612518958.718578
337.200000 3.846 0.510 -0.07130 0.000 -1 1612518958.718611
337.220000 3.850 0.510 -0.06780 0.000 -1 1612518958.736228
337.240000 3.854 0.510 -0.06380 0.000 -1 1612518958.770459
337.260000 3.858 0.509 -0.05830 0.000 -1 1612518958.787167
337.280000 3.862 0.509 -0.05320 0.000 -1 1612518958.804104
337.300000 3.866 0.509 -0.04930 0.000 -1 1612518958.821179
337.320000 3.870 0.509 -0.04530 0.000 -1 1612518958.839053
337.340000 3.874 0.508 -0.04060 0.000 -1 1612518958.855797
337.360000 3.878 0.508 -0.03590 0.000 -1 1612518958.890545
337.380000 3.882 0.508 -0.03230 0.000 -1 1612518958.907818
337.400000 3.886 0.508 -0.02840 0.000 -1 1612518958.927502
337.420000 3.890 0.508 -0.02360 0.000 -1 1612518958.948356
337.440000 3.894 0.508 -0.01930 0.000 -1 1612518958.965121
337.460000 3.898 0.508 -0.01460 0.000 -1 1612518958.982553
337.480000 3.902 0.508 -0.00990 0.000 -1 1612518958.999669
337.500000 3.906 0.508 -0.00550 0.000 -1 1612518959.018633
337.520000 3.910 0.508 -0.00080 0.000 -1 1612518959.037734
337.540000 3.914 0.508 0.00390 0.000 -1 1612518959.055274
337.560000 3.918 0.508 0.00790 0.000 -1 1612518959.089456
337.580000 3.922 0.508 0.01180 0.000 -1 1612518959.106448
337.600000 3.926 0.508 0.01620 0.000 -1 1612518959.123635
337.620000 3.930 0.508 0.02090 0.000 -1 1612518959.141169
337.640000 3.934 0.508 0.02480 0.000 -1 1612518959.158327
337.660000 3.938 0.508 0.02840 0.000 -1 1612518959.175606
337.680000 3.942 0.508 0.02920 0.000 -1 1612518959.221491
337.700000 3.946 0.508 0.02880 0.000 -1 1612518959.221535
337.680000 3.942 0.508 0.02920 0.000 -1 1612518959.221571
337.700000 3.946 0.508 0.02880 0.000 -1 1612518959.221603
337.720000 3.950 0.508 0.02880 0.000 -1 1612518959.240207
337.740000 3.954 0.509 0.02960 0.000 -1 1612518959.261629
337.760000 3.958 0.509 0.03030 0.000 -1 1612518959.302344
337.780000 3.962 0.509 0.03030 0.000 -1 1612518959.302385
337.760000 3.958 0.509 0.03030 0.000 -1 1612518959.302425
337.780000 3.962 0.509 0.03030 0.000 -1 1612518959.302457
337.800000 3.966 0.509 0.03030 0.000 -1 1612518959.319404
337.820000 3.970 0.509 0.03030 0.000 -1 1612518959.336063
337.840000 3.974 0.509 0.03030 0.000 -1 1612518959.372212
337.860000 3.978 0.509 0.02990 0.000 -1 1612518959.389411
337.880000 3.982 0.509 0.02990 0.000 -1 1612518959.406138
337.900000 3.986 0.510 0.02990 0.000 -1 1612518959.428508
337.920000 3.990 0.510 0.02990 0.000 -1 1612518959.449863
337.940000 3.994 0.510 0.02990 0.000 -1 1612518959.468684
337.960000 3.998 0.510 0.02990 0.000 -1 1612518959.468791
337.980000 4.002 0.510 0.02990 0.000 -1 1612518959.505691
338.000000 4.006 0.510 0.02990 0.000 -1 1612518959.523312
337.980000 4.002 0.510 0.02990 0.000 -1 1612518959.523384
338.000000 4.006 0.510 0.02990 0.000 -1 1612518959.523419
338.020000 4.010 0.510 0.02990 0.000 -1 1612518959.540688
338.040000 4.014 0.510 0.02990 0.000 -1 1612518959.559494
338.060000 4.018 0.510 0.02990 0.000 -1 1612518959.593495
338.080000 4.022 0.511 0.02990 0.000 -1 1612518959.610197
338.100000 4.026 0.511 0.02990 0.000 -1 1612518959.626818
338.120000 4.030 0.511 0.02990 0.000 -1 1612518959.643384
338.140000 4.034 0.511 0.02990 0.000 -1 1612518959.660081
338.160000 4.038 0.511 0.02960 0.000 -1 1612518959.677652
338.180000 4.042 0.511 0.02800 0.000 -1 1612518959.711173
338.200000 4.046 0.511 0.02640 0.000 -1 1612518959.729449
338.220000 4.050 0.511 0.02560 0.000 -1 1612518959.746980
338.240000 4.054 0.512 0.02480 0.000 -1 1612518959.764633
338.260000 4.058 0.512 0.02320 0.000 -1 1612518959.782346
338.280000 4.062 0.512 0.02170 0.000 -1 1612518959.800753
338.300000 4.066 0.512 0.02010 0.000 -1 1612518959.818740
338.320000 4.070 0.512 0.01850 0.000 -1 1612518959.837871
338.340000 4.074 0.512 0.01690 0.000 -1 1612518959.854589
338.360000 4.078 0.512 0.01540 0.000 -1 1612518959.888138
338.380000 4.082 0.512 0.01380 0.000 -1 1612518959.907275
338.400000 4.086 0.512 0.01260 0.000 -1 1612518959.927701
338.420000 4.090 0.512 0.01100 0.000 -1 1612518959.951372
338.440000 4.094 0.512 0.00950 0.000 -1 1612518959.982608
338.460000 4.098 0.512 0.00790 0.000 -1 1612518960.036717
338.550000 4.098 0.512 0.00200 0.000 -1 1612518960.127396
348.560000 4.098 0.512 0.00200 0.000 -1 1612518970.264547
358.570000 4.098 0.512 0.00200 0.000 -1 1612518980.559454
